<?xml version="1.0" encoding="utf-8"?><testsuites name="pytest tests"><testsuite name="pytest" errors="0" failures="4" skipped="6" tests="12" time="1.847" timestamp="2026-02-23T15:54:55.535230+00:00" hostname="agent-env-e590dce2-58b8-473f-8fe9-c1c567877300"><testcase classname="backend.tests.test_maquinaria.TestMaquinariaCRUD" name="test_list_maquinaria" time="0.723"><failure message="AssertionError: Expected 200, got 401: {&quot;detail&quot;:&quot;Invalid authentication credentials&quot;}&#10;assert 401 == 200&#10; +  where 401 = &lt;Response [401]&gt;.status_code">backend/tests/test_maquinaria.py:47: in test_list_maquinaria
    assert response.status_code == 200, f"Expected 200, got {response.status_code}: {response.text}"
E   AssertionError: Expected 200, got 401: {"detail":"Invalid authentication credentials"}
E   assert 401 == 200
E    +  where 401 = &lt;Response [401]&gt;.status_code</failure></testcase><testcase classname="backend.tests.test_maquinaria.TestMaquinariaCRUD" name="test_create_maquinaria" time="0.133"><failure message="AssertionError: Expected 200, got 401: {&quot;detail&quot;:&quot;Invalid authentication credentials&quot;}&#10;assert 401 == 200&#10; +  where 401 = &lt;Response [401]&gt;.status_code">backend/tests/test_maquinaria.py:71: in test_create_maquinaria
    assert response.status_code == 200, f"Expected 200, got {response.status_code}: {response.text}"
E   AssertionError: Expected 200, got 401: {"detail":"Invalid authentication credentials"}
E   assert 401 == 200
E    +  where 401 = &lt;Response [401]&gt;.status_code</failure></testcase><testcase classname="backend.tests.test_maquinaria.TestMaquinariaCRUD" name="test_get_maquinaria_by_id" time="0.000"><skipped type="pytest.skip" message="No maquinaria_id from create test">/app/backend/tests/test_maquinaria.py:87: No maquinaria_id from create test</skipped></testcase><testcase classname="backend.tests.test_maquinaria.TestMaquinariaCRUD" name="test_update_maquinaria" time="0.000"><skipped type="pytest.skip" message="No maquinaria_id from create test">/app/backend/tests/test_maquinaria.py:99: No maquinaria_id from create test</skipped></testcase><testcase classname="backend.tests.test_maquinaria.TestMaquinariaCRUD" name="test_filter_maquinaria_by_tipo" time="0.123"><failure message="assert 401 == 200&#10; +  where 401 = &lt;Response [401]&gt;.status_code">backend/tests/test_maquinaria.py:122: in test_filter_maquinaria_by_tipo
    assert response.status_code == 200
E   assert 401 == 200
E    +  where 401 = &lt;Response [401]&gt;.status_code</failure></testcase><testcase classname="backend.tests.test_maquinaria.TestMaquinariaCRUD" name="test_filter_maquinaria_by_estado" time="0.168"><failure message="assert 401 == 200&#10; +  where 401 = &lt;Response [401]&gt;.status_code">backend/tests/test_maquinaria.py:132: in test_filter_maquinaria_by_estado
    assert response.status_code == 200
E   assert 401 == 200
E    +  where 401 = &lt;Response [401]&gt;.status_code</failure></testcase><testcase classname="backend.tests.test_maquinaria.TestTratamientosWithMaquinaria" name="test_create_tratamiento_with_aplicador" time="0.154"><skipped type="pytest.skip" message="No parcelas available for testing">/app/backend/tests/test_maquinaria.py:154: No parcelas available for testing</skipped></testcase><testcase classname="backend.tests.test_maquinaria.TestTratamientosWithMaquinaria" name="test_create_tratamiento_with_maquina" time="0.144"><skipped type="pytest.skip" message="No parcelas available for testing">/app/backend/tests/test_maquinaria.py:178: No parcelas available for testing</skipped></testcase><testcase classname="backend.tests.test_maquinaria.TestTratamientosWithMaquinaria" name="test_list_tratamientos_has_new_columns" time="0.127"><skipped type="pytest.skip" message="No parcelas available for testing">/app/backend/tests/test_maquinaria.py:214: No parcelas available for testing</skipped></testcase><testcase classname="backend.tests.test_maquinaria.TestTratamientosWithMaquinaria" name="test_update_tratamiento_maquina" time="0.127"><skipped type="pytest.skip" message="No parcelas available for testing">/app/backend/tests/test_maquinaria.py:235: No parcelas available for testing</skipped></testcase><testcase classname="backend.tests.test_maquinaria.TestCleanup" name="test_cleanup_test_tratamientos" time="0.000" /><testcase classname="backend.tests.test_maquinaria.TestCleanup" name="test_delete_test_maquinaria" time="0.000" /></testsuite></testsuites>