<?xml version="1.0" encoding="utf-8"?><testsuites name="pytest tests"><testsuite name="pytest" errors="0" failures="0" skipped="0" tests="9" time="18.148" timestamp="2026-02-24T08:40:32.413927+00:00" hostname="agent-env-b5282b70-f500-43de-a539-3986e0297a43"><testcase classname="backend.tests.test_ai_suggestions.TestAISuggestionsEndpoints" name="test_get_parcelas_for_suggestions" time="0.505" /><testcase classname="backend.tests.test_ai_suggestions.TestAISuggestionsEndpoints" name="test_get_contratos_for_predictions" time="0.398" /><testcase classname="backend.tests.test_ai_suggestions.TestAISuggestionsEndpoints" name="test_suggest_treatments_with_valid_parcela" time="7.667" /><testcase classname="backend.tests.test_ai_suggestions.TestAISuggestionsEndpoints" name="test_suggest_treatments_with_invalid_parcela_id" time="0.380" /><testcase classname="backend.tests.test_ai_suggestions.TestAISuggestionsEndpoints" name="test_suggest_treatments_with_nonexistent_parcela" time="0.376" /><testcase classname="backend.tests.test_ai_suggestions.TestAISuggestionsEndpoints" name="test_predict_yield_with_valid_contrato" time="7.480" /><testcase classname="backend.tests.test_ai_suggestions.TestAISuggestionsEndpoints" name="test_predict_yield_with_invalid_contrato_id" time="0.396" /><testcase classname="backend.tests.test_ai_suggestions.TestAISuggestionsEndpoints" name="test_predict_yield_with_nonexistent_contrato" time="0.382" /><testcase classname="backend.tests.test_ai_suggestions.TestAISuggestionsEndpoints" name="test_endpoints_require_authentication" time="0.501" /></testsuite></testsuites>