<?xml version="1.0" encoding="utf-8"?><testsuites name="pytest tests"><testsuite name="pytest" errors="0" failures="0" skipped="0" tests="17" time="5.030" timestamp="2026-02-23T18:01:31.944275+00:00" hostname="agent-env-d609027d-a21d-48b9-bf0b-c5cc2078ec12"><testcase classname="backend.tests.test_evaluacion_pdf.TestEvaluacionPDFGeneration" name="test_pdf_generation_returns_200" time="1.062" /><testcase classname="backend.tests.test_evaluacion_pdf.TestEvaluacionPDFGeneration" name="test_pdf_content_type_is_pdf" time="0.536" /><testcase classname="backend.tests.test_evaluacion_pdf.TestEvaluacionPDFGeneration" name="test_pdf_has_content_disposition_header" time="0.550" /><testcase classname="backend.tests.test_evaluacion_pdf.TestEvaluacionPDFGeneration" name="test_pdf_has_valid_size" time="0.497" /><testcase classname="backend.tests.test_evaluacion_pdf.TestVisitasInPDF" name="test_parcela_has_visitas" time="0.180" /><testcase classname="backend.tests.test_evaluacion_pdf.TestVisitasInPDF" name="test_visita_has_required_fields" time="0.154" /><testcase classname="backend.tests.test_evaluacion_pdf.TestVisitasInPDF" name="test_visita_has_cuestionario_plagas" time="0.135" /><testcase classname="backend.tests.test_evaluacion_pdf.TestTratamientosInPDF" name="test_parcela_has_tratamientos" time="0.191" /><testcase classname="backend.tests.test_evaluacion_pdf.TestTratamientosInPDF" name="test_tratamiento_has_required_fields" time="0.109" /><testcase classname="backend.tests.test_evaluacion_pdf.TestTratamientosInPDF" name="test_tratamiento_has_productos" time="0.254" /><testcase classname="backend.tests.test_evaluacion_pdf.TestPDFSummary" name="test_evaluacion_exists" time="0.121" /><testcase classname="backend.tests.test_evaluacion_pdf.TestPDFSummary" name="test_evaluacion_has_parcela_data" time="0.204" /><testcase classname="backend.tests.test_evaluacion_pdf.TestPDFSummary" name="test_correct_visita_count" time="0.277" /><testcase classname="backend.tests.test_evaluacion_pdf.TestPDFSummary" name="test_correct_tratamiento_count" time="0.149" /><testcase classname="backend.tests.test_evaluacion_pdf.TestPDFErrors" name="test_invalid_evaluacion_id_returns_400" time="0.128" /><testcase classname="backend.tests.test_evaluacion_pdf.TestPDFErrors" name="test_nonexistent_evaluacion_returns_404" time="0.121" /><testcase classname="backend.tests.test_evaluacion_pdf.TestPDFErrors" name="test_unauthenticated_request_returns_401" time="0.238" /></testsuite></testsuites>