<?xml version="1.0" encoding="utf-8"?><testsuites name="pytest tests"><testsuite name="pytest" errors="0" failures="0" skipped="0" tests="31" time="6.180" timestamp="2026-02-27T15:45:27.626137+00:00" hostname="agent-env-6a145a0e-bb60-472d-83ab-e9f8bb523448"><testcase classname="tests.test_rrhh.TestEmpleadosAPI" name="test_get_empleados_list" time="0.156" /><testcase classname="tests.test_rrhh.TestEmpleadosAPI" name="test_get_empleados_with_filters" time="0.235" /><testcase classname="tests.test_rrhh.TestEmpleadosAPI" name="test_get_empleados_stats" time="0.166" /><testcase classname="tests.test_rrhh.TestEmpleadosAPI" name="test_create_empleado" time="0.199" /><testcase classname="tests.test_rrhh.TestEmpleadosAPI" name="test_get_single_empleado" time="0.219" /><testcase classname="tests.test_rrhh.TestEmpleadosAPI" name="test_get_empleado_not_found" time="0.131" /><testcase classname="tests.test_rrhh.TestEmpleadosAPI" name="test_update_empleado" time="0.330" /><testcase classname="tests.test_rrhh.TestEmpleadosAPI" name="test_delete_empleado_soft_delete" time="0.237" /><testcase classname="tests.test_rrhh.TestEmpleadosQR" name="test_get_empleado_qr" time="0.236" /><testcase classname="tests.test_rrhh.TestEmpleadosQR" name="test_get_qr_invalid_empleado" time="0.117" /><testcase classname="tests.test_rrhh.TestFichajesAPI" name="test_get_fichajes_today" time="0.117" /><testcase classname="tests.test_rrhh.TestFichajesAPI" name="test_get_fichajes_list" time="0.119" /><testcase classname="tests.test_rrhh.TestFichajesAPI" name="test_create_fichaje_manual" time="0.305" /><testcase classname="tests.test_rrhh.TestFichajesAPI" name="test_create_fichaje_invalid_empleado" time="0.106" /><testcase classname="tests.test_rrhh.TestFichajesAPI" name="test_fichaje_qr_success" time="0.227" /><testcase classname="tests.test_rrhh.TestFichajesAPI" name="test_fichaje_qr_invalid" time="0.127" /><testcase classname="tests.test_rrhh.TestProductividadAPI" name="test_get_productividad_stats" time="0.109" /><testcase classname="tests.test_rrhh.TestProductividadAPI" name="test_get_productividad_tiempo_real" time="0.107" /><testcase classname="tests.test_rrhh.TestProductividadAPI" name="test_get_productividad_list" time="0.121" /><testcase classname="tests.test_rrhh.TestProductividadAPI" name="test_create_productividad_record" time="0.288" /><testcase classname="tests.test_rrhh.TestDocumentosAPI" name="test_get_documentos_list" time="0.106" /><testcase classname="tests.test_rrhh.TestDocumentosAPI" name="test_create_documento" time="0.364" /><testcase classname="tests.test_rrhh.TestDocumentosAPI" name="test_sign_documento" time="0.477" /><testcase classname="tests.test_rrhh.TestDocumentosAPI" name="test_delete_documento" time="0.342" /><testcase classname="tests.test_rrhh.TestPrenominaAPI" name="test_get_prenominas_list" time="0.112" /><testcase classname="tests.test_rrhh.TestPrenominaAPI" name="test_get_prenominas_with_period" time="0.140" /><testcase classname="tests.test_rrhh.TestPrenominaAPI" name="test_calculate_prenomina_single" time="0.265" /><testcase classname="tests.test_rrhh.TestPrenominaAPI" name="test_calculate_prenomina_missing_params" time="0.127" /><testcase classname="tests.test_rrhh.TestPrenominaAPI" name="test_calculate_prenominas_all" time="0.122" /><testcase classname="tests.test_rrhh.TestAusenciasAPI" name="test_get_ausencias_list" time="0.111" /><testcase classname="tests.test_rrhh.TestAusenciasAPI" name="test_create_ausencia" time="0.273" /></testsuite></testsuites>