<?xml version="1.0" encoding="utf-8"?><testsuites name="pytest tests"><testsuite name="pytest" errors="0" failures="8" skipped="0" tests="20" time="6.237" timestamp="2026-02-23T15:13:59.087241+00:00" hostname="agent-env-9ddedeb4-2a49-42b3-92b2-4f23fd2c8073"><testcase classname="tests.test_irrigaciones_recetas_albaranes.TestAuth" name="test_login_success" time="0.490" /><testcase classname="tests.test_irrigaciones_recetas_albaranes.TestIrrigacionesCRUD" name="test_create_irrigacion" time="0.600" /><testcase classname="tests.test_irrigaciones_recetas_albaranes.TestIrrigacionesCRUD" name="test_list_irrigaciones" time="0.166" /><testcase classname="tests.test_irrigaciones_recetas_albaranes.TestIrrigacionesCRUD" name="test_get_single_irrigacion" time="0.110"><failure message="KeyError: 'data'">tests/test_irrigaciones_recetas_albaranes.py:115: in test_get_single_irrigacion
    irrigacion_id = create_response.json()["data"]["_id"]
                    ^^^^^^^^^^^^^^^^^^^^^^^^^^^^^^
E   KeyError: 'data'</failure></testcase><testcase classname="tests.test_irrigaciones_recetas_albaranes.TestIrrigacionesCRUD" name="test_edit_irrigacion" time="0.188"><failure message="KeyError: 'data'">tests/test_irrigaciones_recetas_albaranes.py:139: in test_edit_irrigacion
    irrigacion_id = create_response.json()["data"]["_id"]
                    ^^^^^^^^^^^^^^^^^^^^^^^^^^^^^^
E   KeyError: 'data'</failure></testcase><testcase classname="tests.test_irrigaciones_recetas_albaranes.TestIrrigacionesCRUD" name="test_delete_irrigacion" time="0.133"><failure message="KeyError: 'data'">tests/test_irrigaciones_recetas_albaranes.py:176: in test_delete_irrigacion
    irrigacion_id = create_response.json()["data"]["_id"]
                    ^^^^^^^^^^^^^^^^^^^^^^^^^^^^^^
E   KeyError: 'data'</failure></testcase><testcase classname="tests.test_irrigaciones_recetas_albaranes.TestRecetasCRUD" name="test_create_receta" time="0.489" /><testcase classname="tests.test_irrigaciones_recetas_albaranes.TestRecetasCRUD" name="test_list_recetas" time="0.161" /><testcase classname="tests.test_irrigaciones_recetas_albaranes.TestRecetasCRUD" name="test_get_single_receta" time="0.312" /><testcase classname="tests.test_irrigaciones_recetas_albaranes.TestRecetasCRUD" name="test_edit_receta" time="0.338" /><testcase classname="tests.test_irrigaciones_recetas_albaranes.TestRecetasCRUD" name="test_delete_receta" time="0.519" /><testcase classname="tests.test_irrigaciones_recetas_albaranes.TestAlbaranesCRUD" name="test_create_albaran_with_items" time="0.543"><failure message="AssertionError: Create albaran failed: {&quot;detail&quot;:[{&quot;type&quot;:&quot;missing&quot;,&quot;loc&quot;:[&quot;body&quot;,&quot;items&quot;,0,&quot;producto&quot;],&quot;msg&quot;:&quot;Field required&quot;,&quot;input&quot;:{&quot;descripcion&quot;:&quot;Fertilizante NPK&quot;,&quot;cantidad&quot;:10,&quot;precio_unitario&quot;:25.0,&quot;total&quot;:250.0},&quot;url&quot;:&quot;https://errors.pydantic.dev/2.12/v/missing&quot;},{&quot;type&quot;:&quot;missing&quot;,&quot;loc&quot;:[&quot;body&quot;,&quot;items&quot;,0,&quot;unidad&quot;],&quot;msg&quot;:&quot;Field required&quot;,&quot;input&quot;:{&quot;descripcion&quot;:&quot;Fertilizante NPK&quot;,&quot;cantidad&quot;:10,&quot;precio_unitario&quot;:25.0,&quot;total&quot;:250.0},&quot;url&quot;:&quot;https://errors.pydantic.dev/2.12/v/missing&quot;},{&quot;type&quot;:&quot;missing&quot;,&quot;loc&quot;:[&quot;body&quot;,&quot;items&quot;,1,&quot;producto&quot;],&quot;msg&quot;:&quot;Field required&quot;,&quot;input&quot;:{&quot;descripcion&quot;:&quot;Insecticida Bio&quot;,&quot;cantidad&quot;:5,&quot;precio_unitario&quot;:40.0,&quot;total&quot;:200.0},&quot;url&quot;:&quot;https://errors.pydantic.dev/2.12/v/missing&quot;},{&quot;type&quot;:&quot;missing&quot;,&quot;loc&quot;:[&quot;body&quot;,&quot;items&quot;,1,&quot;unidad&quot;],&quot;msg&quot;:&quot;Field required&quot;,&quot;input&quot;:{&quot;descripcion&quot;:&quot;Insecticida Bio&quot;,&quot;cantidad&quot;:5,&quot;precio_unitario&quot;:40.0,&quot;total&quot;:200.0},&quot;url&quot;:&quot;https://errors.pydantic.dev/2.12/v/missing&quot;}]}&#10;assert 422 == 200&#10; +  where 422 = &lt;Response [422]&gt;.status_code">tests/test_irrigaciones_recetas_albaranes.py:368: in test_create_albaran_with_items
    assert response.status_code == 200, f"Create albaran failed: {response.text}"
E   AssertionError: Create albaran failed: {"detail":[{"type":"missing","loc":["body","items",0,"producto"],"msg":"Field required","input":{"descripcion":"Fertilizante NPK","cantidad":10,"precio_unitario":25.0,"total":250.0},"url":"https://errors.pydantic.dev/2.12/v/missing"},{"type":"missing","loc":["body","items",0,"unidad"],"msg":"Field required","input":{"descripcion":"Fertilizante NPK","cantidad":10,"precio_unitario":25.0,"total":250.0},"url":"https://errors.pydantic.dev/2.12/v/missing"},{"type":"missing","loc":["body","items",1,"producto"],"msg":"Field required","input":{"descripcion":"Insecticida Bio","cantidad":5,"precio_unitario":40.0,"total":200.0},"url":"https://errors.pydantic.dev/2.12/v/missing"},{"type":"missing","loc":["body","items",1,"unidad"],"msg":"Field required","input":{"descripcion":"Insecticida Bio","cantidad":5,"precio_unitario":40.0,"total":200.0},"url":"https://errors.pydantic.dev/2.12/v/missing"}]}
E   assert 422 == 200
E    +  where 422 = &lt;Response [422]&gt;.status_code</failure></testcase><testcase classname="tests.test_irrigaciones_recetas_albaranes.TestAlbaranesCRUD" name="test_list_albaranes" time="0.190" /><testcase classname="tests.test_irrigaciones_recetas_albaranes.TestAlbaranesCRUD" name="test_list_albaranes_filter_by_tipo" time="0.282" /><testcase classname="tests.test_irrigaciones_recetas_albaranes.TestAlbaranesCRUD" name="test_get_single_albaran" time="0.126"><failure message="KeyError: 'data'">tests/test_irrigaciones_recetas_albaranes.py:439: in test_get_single_albaran
    albaran_id = create_response.json()["data"]["_id"]
                 ^^^^^^^^^^^^^^^^^^^^^^^^^^^^^^
E   KeyError: 'data'</failure></testcase><testcase classname="tests.test_irrigaciones_recetas_albaranes.TestAlbaranesCRUD" name="test_edit_albaran_with_new_items" time="0.121"><failure message="KeyError: 'data'">tests/test_irrigaciones_recetas_albaranes.py:465: in test_edit_albaran_with_new_items
    albaran_id = create_response.json()["data"]["_id"]
                 ^^^^^^^^^^^^^^^^^^^^^^^^^^^^^^
E   KeyError: 'data'</failure></testcase><testcase classname="tests.test_irrigaciones_recetas_albaranes.TestAlbaranesCRUD" name="test_delete_albaran" time="0.164"><failure message="KeyError: 'data'">tests/test_irrigaciones_recetas_albaranes.py:511: in test_delete_albaran
    albaran_id = create_response.json()["data"]["_id"]
                 ^^^^^^^^^^^^^^^^^^^^^^^^^^^^^^
E   KeyError: 'data'</failure></testcase><testcase classname="tests.test_irrigaciones_recetas_albaranes.TestAlbaranesCRUD" name="test_albaran_total_calculation" time="0.120"><failure message="assert 422 == 200&#10; +  where 422 = &lt;Response [422]&gt;.status_code">tests/test_irrigaciones_recetas_albaranes.py:541: in test_albaran_total_calculation
    assert response.status_code == 200
E   assert 422 == 200
E    +  where 422 = &lt;Response [422]&gt;.status_code</failure></testcase><testcase classname="tests.test_irrigaciones_recetas_albaranes.TestCleanup" name="test_cleanup_test_recetas" time="0.890" /><testcase classname="tests.test_irrigaciones_recetas_albaranes.TestCleanup" name="test_cleanup_test_albaranes" time="0.130" /></testsuite></testsuites>