<?xml version="1.0" encoding="utf-8"?><testsuites name="pytest tests"><testsuite name="pytest" errors="0" failures="0" skipped="0" tests="19" time="8.002" timestamp="2026-02-27T16:42:13.990830+00:00" hostname="agent-env-988a7397-7a0b-4166-9ff3-a825913f6ddd"><testcase classname="tests.test_api_migration.TestAuthAPI" name="test_login_success" time="0.541" /><testcase classname="tests.test_api_migration.TestAuthAPI" name="test_login_invalid_credentials" time="0.141" /><testcase classname="tests.test_api_migration.TestDashboardAPI" name="test_dashboard_kpis" time="0.406" /><testcase classname="tests.test_api_migration.TestContratosAPI" name="test_get_contratos_list" time="0.407" /><testcase classname="tests.test_api_migration.TestContratosAPI" name="test_get_single_contrato" time="0.465" /><testcase classname="tests.test_api_migration.TestParcelasAPI" name="test_get_parcelas_list" time="0.394" /><testcase classname="tests.test_api_migration.TestTareasAPI" name="test_get_tareas_list" time="0.427" /><testcase classname="tests.test_api_migration.TestTareasAPI" name="test_get_tareas_stats" time="0.427" /><testcase classname="tests.test_api_migration.TestIrrigacionesAPI" name="test_get_irrigaciones_list" time="0.447" /><testcase classname="tests.test_api_migration.TestIrrigacionesAPI" name="test_get_irrigaciones_stats" time="0.403" /><testcase classname="tests.test_api_migration.TestRRHHAPI" name="test_get_empleados_list" time="0.418" /><testcase classname="tests.test_api_migration.TestRRHHAPI" name="test_get_empleados_stats" time="0.463" /><testcase classname="tests.test_api_migration.TestInformesAPI" name="test_get_ingresos_resumen" time="0.465" /><testcase classname="tests.test_api_migration.TestInformesAPI" name="test_get_gastos_resumen" time="0.427" /><testcase classname="tests.test_api_migration.TestNotificacionesAPI" name="test_get_notificaciones_count" time="0.427" /><testcase classname="tests.test_api_migration.TestNotificacionesAPI" name="test_get_notificaciones_list" time="0.400" /><testcase classname="tests.test_api_migration.TestConfigAPI" name="test_get_config_settings" time="0.424" /><testcase classname="tests.test_api_migration.TestConfigAPI" name="test_get_config_logos" time="0.400" /><testcase classname="tests.test_api_migration.TestTratamientosAPI" name="test_get_tratamientos_list" time="0.467" /></testsuite></testsuites>