<?xml version="1.0" encoding="utf-8"?><testsuites name="pytest tests"><testsuite name="pytest" errors="0" failures="0" skipped="0" tests="10" time="6.030" timestamp="2026-02-23T17:05:25.210535+00:00" hostname="agent-env-d609027d-a21d-48b9-bf0b-c5cc2078ec12"><testcase classname="tests.test_evaluaciones_filters.TestEvaluacionesAPI" name="test_login_success" time="0.788" /><testcase classname="tests.test_evaluaciones_filters.TestEvaluacionesAPI" name="test_list_evaluaciones" time="0.675" /><testcase classname="tests.test_evaluaciones_filters.TestEvaluacionesAPI" name="test_get_evaluaciones_with_campana_filter" time="0.491" /><testcase classname="tests.test_evaluaciones_filters.TestEvaluacionesAPI" name="test_get_evaluaciones_with_estado_filter" time="0.465" /><testcase classname="tests.test_evaluaciones_filters.TestEvaluacionesAPI" name="test_get_evaluaciones_with_parcela_filter" time="0.578" /><testcase classname="tests.test_evaluaciones_filters.TestEvaluacionesAPI" name="test_get_single_evaluacion" time="0.598" /><testcase classname="tests.test_evaluaciones_filters.TestEvaluacionesAPI" name="test_evaluacion_has_expected_fields" time="0.581" /><testcase classname="tests.test_evaluaciones_filters.TestEvaluacionesAPI" name="test_create_evaluacion" time="0.737" /><testcase classname="tests.test_evaluaciones_filters.TestEvaluacionesAPI" name="test_evaluacion_inherits_parcela_data" time="0.549" /><testcase classname="tests.test_evaluaciones_filters.TestEvaluacionesConfig" name="test_get_preguntas_config" time="0.462" /></testsuite></testsuites>