<?xml version="1.0" encoding="utf-8"?><testsuites name="pytest tests"><testsuite name="pytest" errors="0" failures="0" skipped="0" tests="27" time="6.450" timestamp="2026-02-25T21:01:26.139934+00:00" hostname="agent-env-ae4bc2b1-a9b9-4ae4-b769-18a10caf6d78"><testcase classname="tests.test_fincas.TestFincasEndpoints" name="test_get_fincas_list" time="0.489" /><testcase classname="tests.test_fincas.TestFincasEndpoints" name="test_get_fincas_stats" time="0.079" /><testcase classname="tests.test_fincas.TestFincasEndpoints" name="test_create_finca" time="0.157" /><testcase classname="tests.test_fincas.TestFincasEndpoints" name="test_create_finca_duplicate_name_fails" time="0.213" /><testcase classname="tests.test_fincas.TestFincasEndpoints" name="test_get_single_finca" time="0.210" /><testcase classname="tests.test_fincas.TestFincasEndpoints" name="test_get_single_finca_invalid_id" time="0.079" /><testcase classname="tests.test_fincas.TestFincasEndpoints" name="test_get_single_finca_not_found" time="0.084" /><testcase classname="tests.test_fincas.TestFincasEndpoints" name="test_update_finca" time="0.379" /><testcase classname="tests.test_fincas.TestFincasEndpoints" name="test_delete_finca" time="0.336" /><testcase classname="tests.test_fincas.TestFincasEndpoints" name="test_delete_finca_not_found" time="0.077" /><testcase classname="tests.test_fincas.TestFincasFilters" name="test_filter_by_search" time="0.231" /><testcase classname="tests.test_fincas.TestFincasFilters" name="test_filter_by_provincia" time="0.240" /><testcase classname="tests.test_fincas.TestFincasFilters" name="test_filter_by_finca_propia" time="0.197" /><testcase classname="tests.test_fincas.TestFincasSIGPACData" name="test_sigpac_data_saved_correctly" time="0.251" /><testcase classname="tests.test_fincas.TestFincasSIGPACData" name="test_sigpac_data_update" time="0.456" /><testcase classname="tests.test_fincas.TestFincasStatsAggregation" name="test_stats_total_hectareas" time="0.313" /><testcase classname="tests.test_fincas.TestFincasStatsAggregation" name="test_stats_production_totals" time="0.080" /><testcase classname="tests.test_fincas.TestFincasStatsAggregation" name="test_stats_por_provincia" time="0.086" /><testcase classname="tests.test_fincas.TestGeometriaManual" name="test_create_finca_with_geometria_manual" time="0.192" /><testcase classname="tests.test_fincas.TestGeometriaManual" name="test_get_finca_with_geometria_manual" time="0.426" /><testcase classname="tests.test_fincas.TestGeometriaManual" name="test_update_finca_geometria_manual" time="0.702" /><testcase classname="tests.test_fincas.TestGeometriaManual" name="test_update_finca_replace_geometria_manual" time="0.310" /><testcase classname="tests.test_fincas.TestGeometriaManual" name="test_fincas_list_includes_geometria_manual" time="0.214" /><testcase classname="tests.test_fincas.TestFincasParcelasAssociation" name="test_get_parcelas_disponibles" time="0.071" /><testcase classname="tests.test_fincas.TestFincasParcelasAssociation" name="test_get_parcelas_disponibles_with_search" time="0.064" /><testcase classname="tests.test_fincas.TestFincasParcelasAssociation" name="test_finca_with_parcelas_returns_parcelas_info" time="0.235" /><testcase classname="tests.test_fincas.TestFincasParcelasAssociation" name="test_get_single_finca_returns_parcelas_detalle" time="0.212" /></testsuite></testsuites>