<?xml version="1.0" encoding="utf-8"?><testsuites name="pytest tests"><testsuite name="pytest" errors="0" failures="0" skipped="0" tests="20" time="12.043" timestamp="2026-02-24T22:00:26.227727+00:00" hostname="agent-env-6a9f2aa6-7daf-4e2d-8dc9-1bc83232b7dc"><testcase classname="backend.tests.test_articulos_uploads.TestArticulosCRUD" name="test_get_articulos_list" time="0.856" /><testcase classname="backend.tests.test_articulos_uploads.TestArticulosCRUD" name="test_get_articulos_activos" time="0.148" /><testcase classname="backend.tests.test_articulos_uploads.TestArticulosCRUD" name="test_get_categorias" time="0.161" /><testcase classname="backend.tests.test_articulos_uploads.TestArticulosCRUD" name="test_create_articulo" time="0.390" /><testcase classname="backend.tests.test_articulos_uploads.TestArticulosCRUD" name="test_create_duplicate_articulo_fails" time="0.797" /><testcase classname="backend.tests.test_articulos_uploads.TestArticulosCRUD" name="test_get_articulo_by_id" time="0.792" /><testcase classname="backend.tests.test_articulos_uploads.TestArticulosCRUD" name="test_update_articulo" time="0.876" /><testcase classname="backend.tests.test_articulos_uploads.TestArticulosCRUD" name="test_toggle_articulo_activo" time="1.038" /><testcase classname="backend.tests.test_articulos_uploads.TestArticulosCRUD" name="test_delete_articulo" time="0.544" /><testcase classname="backend.tests.test_articulos_uploads.TestArticulosCRUD" name="test_filter_by_categoria" time="0.289" /><testcase classname="backend.tests.test_articulos_uploads.TestArticulosCRUD" name="test_search_articulos" time="0.619" /><testcase classname="backend.tests.test_articulos_uploads.TestMaquinariaImageUpload" name="test_get_maquinaria_list" time="0.128" /><testcase classname="backend.tests.test_articulos_uploads.TestMaquinariaImageUpload" name="test_create_maquinaria" time="0.302" /><testcase classname="backend.tests.test_articulos_uploads.TestMaquinariaImageUpload" name="test_upload_placa_ce_image" time="1.217" /><testcase classname="backend.tests.test_articulos_uploads.TestMaquinariaImageUpload" name="test_delete_placa_ce_image" time="0.976" /><testcase classname="backend.tests.test_articulos_uploads.TestTecnicosCertificadoUpload" name="test_get_tecnicos_list" time="0.256" /><testcase classname="backend.tests.test_articulos_uploads.TestTecnicosCertificadoUpload" name="test_get_niveles_capacitacion" time="0.164" /><testcase classname="backend.tests.test_articulos_uploads.TestTecnicosCertificadoUpload" name="test_create_tecnico" time="0.289" /><testcase classname="backend.tests.test_articulos_uploads.TestTecnicosCertificadoUpload" name="test_upload_certificado" time="0.967" /><testcase classname="backend.tests.test_articulos_uploads.TestTecnicosCertificadoUpload" name="test_delete_certificado" time="1.176" /></testsuite></testsuites>