<?xml version="1.0" encoding="utf-8"?><testsuites name="pytest tests"><testsuite name="pytest" errors="0" failures="0" skipped="0" tests="14" time="3.387" timestamp="2026-02-23T15:55:47.097754+00:00" hostname="agent-env-e590dce2-58b8-473f-8fe9-c1c567877300"><testcase classname="backend.tests.test_maquinaria.TestAuth" name="test_login" time="0.418" /><testcase classname="backend.tests.test_maquinaria.TestMaquinariaCRUD" name="test_list_maquinaria" time="0.160" /><testcase classname="backend.tests.test_maquinaria.TestMaquinariaCRUD" name="test_create_maquinaria" time="0.136" /><testcase classname="backend.tests.test_maquinaria.TestMaquinariaCRUD" name="test_get_maquinaria_by_id" time="0.151" /><testcase classname="backend.tests.test_maquinaria.TestMaquinariaCRUD" name="test_update_maquinaria" time="0.302" /><testcase classname="backend.tests.test_maquinaria.TestMaquinariaCRUD" name="test_filter_maquinaria_by_tipo" time="0.224" /><testcase classname="backend.tests.test_maquinaria.TestMaquinariaCRUD" name="test_filter_maquinaria_by_estado" time="0.143" /><testcase classname="backend.tests.test_maquinaria.TestTratamientosWithMaquinaria" name="test_get_parcela_for_testing" time="0.290" /><testcase classname="backend.tests.test_maquinaria.TestTratamientosWithMaquinaria" name="test_create_tratamiento_with_aplicador" time="0.120" /><testcase classname="backend.tests.test_maquinaria.TestTratamientosWithMaquinaria" name="test_create_tratamiento_with_maquina" time="0.132" /><testcase classname="backend.tests.test_maquinaria.TestTratamientosWithMaquinaria" name="test_list_tratamientos_has_new_columns" time="0.243" /><testcase classname="backend.tests.test_maquinaria.TestTratamientosWithMaquinaria" name="test_update_tratamiento_maquina" time="0.270" /><testcase classname="backend.tests.test_maquinaria.TestCleanup" name="test_cleanup_test_tratamientos" time="0.378" /><testcase classname="backend.tests.test_maquinaria.TestCleanup" name="test_delete_test_maquinaria" time="0.356" /></testsuite></testsuites>