<?xml version="1.0" encoding="utf-8"?><testsuites name="pytest tests"><testsuite name="pytest" errors="0" failures="0" skipped="0" tests="15" time="2.303" timestamp="2026-04-01T18:59:10.352353+00:00" hostname="agent-env-06037498-8209-4ea8-8551-10e84611f3b3"><testcase classname="tests.test_rrhh_refactored.TestRRHHEmpleados" name="test_get_empleados" time="0.167" /><testcase classname="tests.test_rrhh_refactored.TestRRHHEmpleados" name="test_get_empleados_stats" time="0.103" /><testcase classname="tests.test_rrhh_refactored.TestRRHHFichajes" name="test_get_fichajes" time="0.110" /><testcase classname="tests.test_rrhh_refactored.TestRRHHFichajes" name="test_get_fichajes_hoy" time="0.105" /><testcase classname="tests.test_rrhh_refactored.TestRRHHFichajes" name="test_get_fichajes_with_filters" time="0.115" /><testcase classname="tests.test_rrhh_refactored.TestRRHHProductividad" name="test_get_productividad" time="0.115" /><testcase classname="tests.test_rrhh_refactored.TestRRHHProductividad" name="test_get_productividad_stats" time="0.121" /><testcase classname="tests.test_rrhh_refactored.TestRRHHProductividad" name="test_get_productividad_tiempo_real" time="0.130" /><testcase classname="tests.test_rrhh_refactored.TestRRHHDocumentos" name="test_get_documentos" time="0.111" /><testcase classname="tests.test_rrhh_refactored.TestRRHHDocumentos" name="test_get_documentos_with_filters" time="0.152" /><testcase classname="tests.test_rrhh_refactored.TestRRHHDocumentos" name="test_get_documentos_estado_filter" time="0.182" /><testcase classname="tests.test_rrhh_refactored.TestDashboardWidgets" name="test_dashboard_kpis" time="0.480" /><testcase classname="tests.test_rrhh_refactored.TestDashboardWidgets" name="test_dashboard_config" time="0.116" /><testcase classname="tests.test_rrhh_refactored.TestDashboardWidgets" name="test_parcelas_for_map" time="0.133" /><testcase classname="tests.test_rrhh_refactored.TestDashboardWidgets" name="test_visitas_planificadas" time="0.111" /></testsuite></testsuites>