<?xml version="1.0" encoding="utf-8"?><testsuites name="pytest tests"><testsuite name="pytest" errors="0" failures="0" skipped="0" tests="15" time="3.083" timestamp="2026-02-28T09:01:11.521244+00:00" hostname="agent-env-1c418c2d-d040-4c5f-8f3c-92cae59fcf9b"><testcase classname="backend.tests.test_prenomina.TestPrenominaListAPI" name="test_get_prenominas_by_month_year" time="0.172" /><testcase classname="backend.tests.test_prenomina.TestPrenominaListAPI" name="test_get_prenominas_empty_month" time="0.145" /><testcase classname="backend.tests.test_prenomina.TestPrenominaListAPI" name="test_prenomina_has_required_fields" time="0.161" /><testcase classname="backend.tests.test_prenomina.TestPrenominaCalculateAPI" name="test_calculate_individual_prenomina" time="0.230" /><testcase classname="backend.tests.test_prenomina.TestPrenominaCalculateAPI" name="test_calculate_prenomina_invalid_empleado" time="0.156" /><testcase classname="backend.tests.test_prenomina.TestPrenominaCalculateAPI" name="test_calculate_prenomina_missing_params" time="0.155" /><testcase classname="backend.tests.test_prenomina.TestPrenominaCalculateAPI" name="test_calculate_all_prenominas" time="0.149" /><testcase classname="backend.tests.test_prenomina.TestPrenominaValidateAPI" name="test_validate_prenomina" time="0.253" /><testcase classname="backend.tests.test_prenomina.TestPrenominaValidateAPI" name="test_validate_prenomina_invalid_id" time="0.154" /><testcase classname="backend.tests.test_prenomina.TestPrenominaExportAPI" name="test_export_prenomina_excel" time="0.239" /><testcase classname="backend.tests.test_prenomina.TestPrenominaExportAPI" name="test_export_prenomina_pdf" time="0.228" /><testcase classname="backend.tests.test_prenomina.TestPrenominaExportAPI" name="test_export_prenomina_excel_invalid_id" time="0.154" /><testcase classname="backend.tests.test_prenomina.TestPrenominaExportAPI" name="test_export_prenomina_pdf_invalid_id" time="0.141" /><testcase classname="backend.tests.test_prenomina.TestPrenominaExportAPI" name="test_export_all_prenominas_csv" time="0.156" /><testcase classname="backend.tests.test_prenomina.TestPrenominaEndToEnd" name="test_full_prenomina_workflow" time="0.557" /></testsuite></testsuites>