<?xml version="1.0" encoding="utf-8"?><testsuites name="pytest tests"><testsuite name="pytest" errors="0" failures="0" skipped="0" tests="13" time="4.205" timestamp="2026-02-23T14:42:29.560755+00:00" hostname="agent-env-9ddedeb4-2a49-42b3-92b2-4f23fd2c8073"><testcase classname="backend.tests.test_visitas_tratamientos.TestAuth" name="test_login_success" time="0.460" /><testcase classname="backend.tests.test_visitas_tratamientos.TestVisitasSimplifiedModel" name="test_create_visita_with_only_parcela_id" time="0.506" /><testcase classname="backend.tests.test_visitas_tratamientos.TestVisitasSimplifiedModel" name="test_list_visitas_shows_inherited_data" time="0.147" /><testcase classname="backend.tests.test_visitas_tratamientos.TestVisitasSimplifiedModel" name="test_edit_visita" time="0.234" /><testcase classname="backend.tests.test_visitas_tratamientos.TestVisitasSimplifiedModel" name="test_delete_visita" time="0.381" /><testcase classname="backend.tests.test_visitas_tratamientos.TestVisitasSimplifiedModel" name="test_create_visita_without_parcela_id_fails" time="0.109" /><testcase classname="backend.tests.test_visitas_tratamientos.TestTratamientosSimplifiedModel" name="test_create_tratamiento_with_only_parcelas_ids" time="0.448" /><testcase classname="backend.tests.test_visitas_tratamientos.TestTratamientosSimplifiedModel" name="test_list_tratamientos_shows_inherited_campana" time="0.107" /><testcase classname="backend.tests.test_visitas_tratamientos.TestTratamientosSimplifiedModel" name="test_edit_tratamiento" time="0.289" /><testcase classname="backend.tests.test_visitas_tratamientos.TestTratamientosSimplifiedModel" name="test_delete_tratamiento" time="0.369" /><testcase classname="backend.tests.test_visitas_tratamientos.TestTratamientosSimplifiedModel" name="test_create_tratamiento_without_parcelas_fails" time="0.113" /><testcase classname="backend.tests.test_visitas_tratamientos.TestCleanup" name="test_cleanup_test_visitas" time="0.789" /><testcase classname="backend.tests.test_visitas_tratamientos.TestCleanup" name="test_cleanup_test_tratamientos" time="0.128" /></testsuite></testsuites>