<?xml version="1.0" encoding="utf-8"?><testsuites name="pytest tests"><testsuite name="pytest" errors="0" failures="0" skipped="0" tests="17" time="5.415" timestamp="2026-02-23T15:16:19.172572+00:00" hostname="agent-env-9ddedeb4-2a49-42b3-92b2-4f23fd2c8073"><testcase classname="tests.test_irrigaciones_recetas_albaranes.TestAuth" name="test_login_success" time="0.515" /><testcase classname="tests.test_irrigaciones_recetas_albaranes.TestIrrigacionesCRUD" name="test_create_irrigacion" time="0.166" /><testcase classname="tests.test_irrigaciones_recetas_albaranes.TestIrrigacionesCRUD" name="test_list_irrigaciones" time="0.124" /><testcase classname="tests.test_irrigaciones_recetas_albaranes.TestIrrigacionesCRUD" name="test_get_and_edit_irrigacion" time="0.378" /><testcase classname="tests.test_irrigaciones_recetas_albaranes.TestIrrigacionesCRUD" name="test_delete_irrigacion" time="0.391" /><testcase classname="tests.test_irrigaciones_recetas_albaranes.TestRecetasCRUD" name="test_create_receta" time="0.142" /><testcase classname="tests.test_irrigaciones_recetas_albaranes.TestRecetasCRUD" name="test_list_recetas" time="0.180" /><testcase classname="tests.test_irrigaciones_recetas_albaranes.TestRecetasCRUD" name="test_get_and_edit_receta" time="0.448" /><testcase classname="tests.test_irrigaciones_recetas_albaranes.TestRecetasCRUD" name="test_delete_receta" time="0.433" /><testcase classname="tests.test_irrigaciones_recetas_albaranes.TestAlbaranesCRUD" name="test_create_albaran_with_items" time="0.142" /><testcase classname="tests.test_irrigaciones_recetas_albaranes.TestAlbaranesCRUD" name="test_list_albaranes" time="0.172" /><testcase classname="tests.test_irrigaciones_recetas_albaranes.TestAlbaranesCRUD" name="test_list_albaranes_filter_by_tipo" time="0.258" /><testcase classname="tests.test_irrigaciones_recetas_albaranes.TestAlbaranesCRUD" name="test_get_and_edit_albaran" time="0.370" /><testcase classname="tests.test_irrigaciones_recetas_albaranes.TestAlbaranesCRUD" name="test_delete_albaran" time="0.371" /><testcase classname="tests.test_irrigaciones_recetas_albaranes.TestAlbaranesCRUD" name="test_albaran_total_calculation" time="0.149" /><testcase classname="tests.test_irrigaciones_recetas_albaranes.TestCleanup" name="test_cleanup_test_recetas" time="0.403" /><testcase classname="tests.test_irrigaciones_recetas_albaranes.TestCleanup" name="test_cleanup_test_albaranes" time="0.685" /></testsuite></testsuites>