<?xml version="1.0" encoding="utf-8"?><testsuites name="pytest tests"><testsuite name="pytest" errors="0" failures="0" skipped="0" tests="20" time="6.130" timestamp="2026-02-24T11:51:13.139992+00:00" hostname="agent-env-289d2d69-80c0-42f7-a99c-11d6c8958ee5"><testcase classname="tests.test_articulos_uploads.TestArticulosCRUD" name="test_get_articulos_list" time="0.632" /><testcase classname="tests.test_articulos_uploads.TestArticulosCRUD" name="test_get_articulos_activos" time="0.129" /><testcase classname="tests.test_articulos_uploads.TestArticulosCRUD" name="test_get_categorias" time="0.102" /><testcase classname="tests.test_articulos_uploads.TestArticulosCRUD" name="test_create_articulo" time="0.242" /><testcase classname="tests.test_articulos_uploads.TestArticulosCRUD" name="test_create_duplicate_articulo_fails" time="0.382" /><testcase classname="tests.test_articulos_uploads.TestArticulosCRUD" name="test_get_articulo_by_id" time="0.335" /><testcase classname="tests.test_articulos_uploads.TestArticulosCRUD" name="test_update_articulo" time="0.432" /><testcase classname="tests.test_articulos_uploads.TestArticulosCRUD" name="test_toggle_articulo_activo" time="0.412" /><testcase classname="tests.test_articulos_uploads.TestArticulosCRUD" name="test_delete_articulo" time="0.306" /><testcase classname="tests.test_articulos_uploads.TestArticulosCRUD" name="test_filter_by_categoria" time="0.112" /><testcase classname="tests.test_articulos_uploads.TestArticulosCRUD" name="test_search_articulos" time="0.316" /><testcase classname="tests.test_articulos_uploads.TestMaquinariaImageUpload" name="test_get_maquinaria_list" time="0.148" /><testcase classname="tests.test_articulos_uploads.TestMaquinariaImageUpload" name="test_create_maquinaria" time="0.246" /><testcase classname="tests.test_articulos_uploads.TestMaquinariaImageUpload" name="test_upload_placa_ce_image" time="0.459" /><testcase classname="tests.test_articulos_uploads.TestMaquinariaImageUpload" name="test_delete_placa_ce_image" time="0.576" /><testcase classname="tests.test_articulos_uploads.TestTecnicosCertificadoUpload" name="test_get_tecnicos_list" time="0.103" /><testcase classname="tests.test_articulos_uploads.TestTecnicosCertificadoUpload" name="test_get_niveles_capacitacion" time="0.110" /><testcase classname="tests.test_articulos_uploads.TestTecnicosCertificadoUpload" name="test_create_tecnico" time="0.244" /><testcase classname="tests.test_articulos_uploads.TestTecnicosCertificadoUpload" name="test_upload_certificado" time="0.316" /><testcase classname="tests.test_articulos_uploads.TestTecnicosCertificadoUpload" name="test_delete_certificado" time="0.440" /></testsuite></testsuites>