<?xml version="1.0" encoding="utf-8"?><testsuites name="pytest tests"><testsuite name="pytest" errors="0" failures="0" skipped="0" tests="27" time="8.222" timestamp="2026-02-25T17:09:37.529194+00:00" hostname="agent-env-f2641b11-25f9-406f-bf34-5048de282804"><testcase classname="backend.tests.test_fincas.TestFincasEndpoints" name="test_get_fincas_list" time="0.506" /><testcase classname="backend.tests.test_fincas.TestFincasEndpoints" name="test_get_fincas_stats" time="0.068" /><testcase classname="backend.tests.test_fincas.TestFincasEndpoints" name="test_create_finca" time="0.186" /><testcase classname="backend.tests.test_fincas.TestFincasEndpoints" name="test_create_finca_duplicate_name_fails" time="0.183" /><testcase classname="backend.tests.test_fincas.TestFincasEndpoints" name="test_get_single_finca" time="0.233" /><testcase classname="backend.tests.test_fincas.TestFincasEndpoints" name="test_get_single_finca_invalid_id" time="0.083" /><testcase classname="backend.tests.test_fincas.TestFincasEndpoints" name="test_get_single_finca_not_found" time="0.077" /><testcase classname="backend.tests.test_fincas.TestFincasEndpoints" name="test_update_finca" time="0.295" /><testcase classname="backend.tests.test_fincas.TestFincasEndpoints" name="test_delete_finca" time="0.201" /><testcase classname="backend.tests.test_fincas.TestFincasEndpoints" name="test_delete_finca_not_found" time="0.093" /><testcase classname="backend.tests.test_fincas.TestFincasFilters" name="test_filter_by_search" time="0.217" /><testcase classname="backend.tests.test_fincas.TestFincasFilters" name="test_filter_by_provincia" time="0.200" /><testcase classname="backend.tests.test_fincas.TestFincasFilters" name="test_filter_by_finca_propia" time="0.199" /><testcase classname="backend.tests.test_fincas.TestFincasSIGPACData" name="test_sigpac_data_saved_correctly" time="0.213" /><testcase classname="backend.tests.test_fincas.TestFincasSIGPACData" name="test_sigpac_data_update" time="0.264" /><testcase classname="backend.tests.test_fincas.TestFincasStatsAggregation" name="test_stats_total_hectareas" time="0.194" /><testcase classname="backend.tests.test_fincas.TestFincasStatsAggregation" name="test_stats_production_totals" time="0.059" /><testcase classname="backend.tests.test_fincas.TestFincasStatsAggregation" name="test_stats_por_provincia" time="0.061" /><testcase classname="backend.tests.test_sigpac_integration.TestSIGPACProvincias" name="test_get_provincias_list" time="0.924" /><testcase classname="backend.tests.test_sigpac_integration.TestSIGPACProvincias" name="test_provincias_contains_known_provinces" time="0.071" /><testcase classname="backend.tests.test_sigpac_integration.TestSIGPACUsos" name="test_get_usos_list" time="0.304" /><testcase classname="backend.tests.test_sigpac_integration.TestSIGPACUsos" name="test_usos_contains_common_types" time="0.096" /><testcase classname="backend.tests.test_sigpac_integration.TestSIGPACConsulta" name="test_consulta_missing_params_fails" time="0.083" /><testcase classname="backend.tests.test_sigpac_integration.TestSIGPACConsulta" name="test_consulta_valid_parcela" time="1.383" /><testcase classname="backend.tests.test_sigpac_integration.TestSIGPACConsulta" name="test_consulta_nonexistent_parcela" time="0.573" /><testcase classname="backend.tests.test_sigpac_integration.TestSIGPACConsulta" name="test_consulta_with_recinto" time="0.615" /><testcase classname="backend.tests.test_sigpac_integration.TestSIGPACIntegrationFlow" name="test_full_flow_provincias_to_consulta" time="0.768" /></testsuite></testsuites>