<?xml version="1.0" encoding="utf-8"?><testsuites name="pytest tests"><testsuite name="pytest" errors="0" failures="0" skipped="0" tests="18" time="4.300" timestamp="2026-02-25T16:59:44.929651+00:00" hostname="agent-env-f2641b11-25f9-406f-bf34-5048de282804"><testcase classname="backend.tests.test_fincas.TestFincasEndpoints" name="test_get_fincas_list" time="0.509" /><testcase classname="backend.tests.test_fincas.TestFincasEndpoints" name="test_get_fincas_stats" time="0.094" /><testcase classname="backend.tests.test_fincas.TestFincasEndpoints" name="test_create_finca" time="0.180" /><testcase classname="backend.tests.test_fincas.TestFincasEndpoints" name="test_create_finca_duplicate_name_fails" time="0.210" /><testcase classname="backend.tests.test_fincas.TestFincasEndpoints" name="test_get_single_finca" time="0.267" /><testcase classname="backend.tests.test_fincas.TestFincasEndpoints" name="test_get_single_finca_invalid_id" time="0.071" /><testcase classname="backend.tests.test_fincas.TestFincasEndpoints" name="test_get_single_finca_not_found" time="0.085" /><testcase classname="backend.tests.test_fincas.TestFincasEndpoints" name="test_update_finca" time="0.283" /><testcase classname="backend.tests.test_fincas.TestFincasEndpoints" name="test_delete_finca" time="0.282" /><testcase classname="backend.tests.test_fincas.TestFincasEndpoints" name="test_delete_finca_not_found" time="0.076" /><testcase classname="backend.tests.test_fincas.TestFincasFilters" name="test_filter_by_search" time="0.302" /><testcase classname="backend.tests.test_fincas.TestFincasFilters" name="test_filter_by_provincia" time="0.251" /><testcase classname="backend.tests.test_fincas.TestFincasFilters" name="test_filter_by_finca_propia" time="0.265" /><testcase classname="backend.tests.test_fincas.TestFincasSIGPACData" name="test_sigpac_data_saved_correctly" time="0.410" /><testcase classname="backend.tests.test_fincas.TestFincasSIGPACData" name="test_sigpac_data_update" time="0.328" /><testcase classname="backend.tests.test_fincas.TestFincasStatsAggregation" name="test_stats_total_hectareas" time="0.470" /><testcase classname="backend.tests.test_fincas.TestFincasStatsAggregation" name="test_stats_production_totals" time="0.083" /><testcase classname="backend.tests.test_fincas.TestFincasStatsAggregation" name="test_stats_por_provincia" time="0.070" /></testsuite></testsuites>