<?xml version="1.0" encoding="utf-8"?><testsuites name="pytest tests"><testsuite name="pytest" errors="0" failures="0" skipped="0" tests="17" time="1.703" timestamp="2026-04-02T07:53:07.196407+00:00" hostname="agent-env-81754a50-7848-49fb-8ce1-4d41c5087081"><testcase classname="backend.tests.test_nfc_rrhh.TestNFCAssignment" name="test_assign_nfc_to_employee" time="0.648" /><testcase classname="backend.tests.test_nfc_rrhh.TestNFCAssignment" name="test_assign_nfc_empty_id_rejected" time="0.040" /><testcase classname="backend.tests.test_nfc_rrhh.TestNFCAssignment" name="test_assign_nfc_whitespace_rejected" time="0.080" /><testcase classname="backend.tests.test_nfc_rrhh.TestNFCAssignment" name="test_assign_duplicate_nfc_rejected" time="0.100" /><testcase classname="backend.tests.test_nfc_rrhh.TestNFCAssignment" name="test_assign_nfc_invalid_employee" time="0.049" /><testcase classname="backend.tests.test_nfc_rrhh.TestNFCLookup" name="test_lookup_employee_by_nfc" time="0.048" /><testcase classname="backend.tests.test_nfc_rrhh.TestNFCLookup" name="test_lookup_unknown_nfc_returns_404" time="0.050" /><testcase classname="backend.tests.test_nfc_rrhh.TestNFCFichaje" name="test_fichaje_nfc_entrada" time="0.044" /><testcase classname="backend.tests.test_nfc_rrhh.TestNFCFichaje" name="test_fichaje_nfc_salida" time="0.081" /><testcase classname="backend.tests.test_nfc_rrhh.TestNFCFichaje" name="test_fichaje_nfc_invalid_card" time="0.043" /><testcase classname="backend.tests.test_nfc_rrhh.TestNFCFichaje" name="test_fichaje_nfc_default_tipo_entrada" time="0.083" /><testcase classname="backend.tests.test_nfc_rrhh.TestFichajesHoy" name="test_fichajes_hoy_shows_nfc_method" time="0.050" /><testcase classname="backend.tests.test_nfc_rrhh.TestNFCRemoval" name="test_remove_nfc_from_employee" time="0.082" /><testcase classname="backend.tests.test_nfc_rrhh.TestNFCRemoval" name="test_verify_nfc_removed" time="0.080" /><testcase classname="backend.tests.test_nfc_rrhh.TestNFCRemoval" name="test_lookup_removed_nfc_returns_404" time="0.082" /><testcase classname="backend.tests.test_nfc_rrhh.TestNFCRemoval" name="test_remove_nfc_invalid_employee" time="0.042" /><testcase classname="backend.tests.test_nfc_rrhh.TestNFCCleanup" name="test_cleanup_test_nfc_assignments" time="0.039" /></testsuite></testsuites>