<?xml version="1.0" encoding="utf-8"?><testsuites name="pytest tests"><testsuite name="pytest" errors="0" failures="0" skipped="0" tests="11" time="2.859" timestamp="2026-03-13T13:23:00.557274+00:00" hostname="agent-env-e0369121-426a-412d-aef1-960d9512a2fc"><testcase classname="tests.test_multiple_polygons.TestMultiplePolygonsSetup" name="test_login" time="0.371" /><testcase classname="tests.test_multiple_polygons.TestMultiplePolygonsCreate" name="test_get_contrato_for_parcela" time="0.134" /><testcase classname="tests.test_multiple_polygons.TestMultiplePolygonsCreate" name="test_create_parcela_with_multiple_recintos" time="0.111" /><testcase classname="tests.test_multiple_polygons.TestMultiplePolygonsCreate" name="test_verify_multiple_recintos_persisted" time="0.128" /><testcase classname="tests.test_multiple_polygons.TestMultiplePolygonsUpdate" name="test_add_third_recinto" time="0.339" /><testcase classname="tests.test_multiple_polygons.TestMultiplePolygonsUpdate" name="test_update_specific_recinto" time="0.346" /><testcase classname="tests.test_multiple_polygons.TestMultiplePolygonsUpdate" name="test_delete_one_recinto" time="0.446" /><testcase classname="tests.test_multiple_polygons.TestMultiplePolygonsUpdate" name="test_replace_all_recintos" time="0.210" /><testcase classname="tests.test_multiple_polygons.TestMultiplePolygonsRecintoStructure" name="test_recinto_fields_preserved" time="0.262" /><testcase classname="tests.test_multiple_polygons.TestMultiplePolygonsRecintoStructure" name="test_empty_recintos_allowed" time="0.251" /><testcase classname="tests.test_multiple_polygons.TestMultiplePolygonsCleanup" name="test_delete_test_parcela" time="0.243" /></testsuite></testsuites>