<?xml version="1.0" encoding="utf-8"?><testsuites name="pytest tests"><testsuite name="pytest" errors="0" failures="0" skipped="0" tests="5" time="71.813" timestamp="2026-07-01T16:43:51.898140+00:00" hostname="agent-env-81754a50-7848-49fb-8ce1-4d41c5087081"><testcase classname="backend.tests.test_pdf_freshness_evaluacion" name="test_pdf_regression_download_ok" time="43.255" /><testcase classname="backend.tests.test_pdf_freshness_evaluacion" name="test_pdf_freshness_tecnico_aplicador" time="14.634" /><testcase classname="backend.tests.test_pdf_freshness_evaluacion" name="test_pdf_freshness_maquina" time="6.822" /><testcase classname="backend.tests.test_pdf_freshness_evaluacion" name="test_pdf_freshness_parcela_variedad" time="3.584" /><testcase classname="backend.tests.test_pdf_freshness_evaluacion" name="test_pdf_ficha_final_deduplicada" time="3.427" /></testsuite></testsuites>