<?xml version="1.0" encoding="utf-8"?><testsuites name="pytest tests"><testsuite name="pytest" errors="0" failures="0" skipped="0" tests="20" time="3.477" timestamp="2026-02-25T14:51:48.312897+00:00" hostname="agent-env-fc33370a-88b3-42c8-ba86-2b6f85ab3439"><testcase classname="tests.test_plantillas_recomendaciones.TestPlantillasListing" name="test_get_plantillas_list" time="0.471" /><testcase classname="tests.test_plantillas_recomendaciones.TestPlantillasListing" name="test_get_plantillas_activas" time="0.081" /><testcase classname="tests.test_plantillas_recomendaciones.TestPlantillasListing" name="test_filter_by_tipo" time="0.062" /><testcase classname="tests.test_plantillas_recomendaciones.TestPlantillasListing" name="test_search_plantillas" time="0.060" /><testcase classname="tests.test_plantillas_recomendaciones.TestPlantillasSingleGet" name="test_get_single_plantilla" time="0.109" /><testcase classname="tests.test_plantillas_recomendaciones.TestPlantillasSingleGet" name="test_get_plantilla_invalid_id" time="0.072" /><testcase classname="tests.test_plantillas_recomendaciones.TestPlantillasSingleGet" name="test_get_plantilla_not_found" time="0.077" /><testcase classname="tests.test_plantillas_recomendaciones.TestPlantillasCRUD" name="test_create_plantilla" time="0.135" /><testcase classname="tests.test_plantillas_recomendaciones.TestPlantillasCRUD" name="test_create_duplicate_name_fails" time="0.254" /><testcase classname="tests.test_plantillas_recomendaciones.TestPlantillasCRUD" name="test_update_plantilla" time="0.379" /><testcase classname="tests.test_plantillas_recomendaciones.TestPlantillasCRUD" name="test_delete_plantilla" time="0.188" /><testcase classname="tests.test_plantillas_recomendaciones.TestPlantillasToggleActivo" name="test_toggle_activo" time="0.314" /><testcase classname="tests.test_plantillas_recomendaciones.TestAplicacionMasiva" name="test_aplicar_masivo_success" time="0.343" /><testcase classname="tests.test_plantillas_recomendaciones.TestAplicacionMasiva" name="test_aplicar_masivo_with_priority_override" time="0.286" /><testcase classname="tests.test_plantillas_recomendaciones.TestAplicacionMasiva" name="test_aplicar_masivo_empty_parcelas_fails" time="0.118" /><testcase classname="tests.test_plantillas_recomendaciones.TestAplicacionMasiva" name="test_aplicar_masivo_invalid_plantilla_fails" time="0.057" /><testcase classname="tests.test_plantillas_recomendaciones.TestPlantillasStats" name="test_get_stats_uso" time="0.057" /><testcase classname="tests.test_plantillas_recomendaciones.TestPlantillasSeed" name="test_seed_plantillas" time="0.078" /><testcase classname="tests.test_plantillas_recomendaciones.TestPlantillasAuth" name="test_list_requires_auth" time="0.140" /><testcase classname="tests.test_plantillas_recomendaciones.TestPlantillasAuth" name="test_create_requires_admin_or_manager" time="0.135" /></testsuite></testsuites>