<?xml version="1.0" encoding="utf-8"?><testsuites name="pytest tests"><testsuite name="pytest" errors="0" failures="0" skipped="0" tests="3" time="1.445" timestamp="2026-07-01T10:42:16.094285+00:00" hostname="agent-env-81754a50-7848-49fb-8ce1-4d41c5087081"><testcase classname="backend.tests.test_fitosanitarios_plazo_string.TestPlazoSeguridadAsString" name="test_create_with_no_procede_string" time="0.866" /><testcase classname="backend.tests.test_fitosanitarios_plazo_string.TestPlazoSeguridadAsString" name="test_update_plazo_from_num_to_string" time="0.449" /><testcase classname="backend.tests.test_fitosanitarios_plazo_string.TestPlazoSeguridadAsString" name="test_microthiol_plazo_is_string_not_appended" time="0.106" /></testsuite></testsuites>