<?xml version="1.0" encoding="utf-8"?><testsuites name="pytest tests"><testsuite name="pytest" errors="0" failures="0" skipped="0" tests="18" time="3.663" timestamp="2026-02-26T11:42:35.204781+00:00" hostname="agent-env-76c79ac3-bd23-4fb8-868f-724ab6ecc7ab"><testcase classname="backend.tests.test_tareas_irrigaciones_enhanced.TestTareasStats" name="test_get_tareas_stats" time="0.457" /><testcase classname="backend.tests.test_tareas_irrigaciones_enhanced.TestTareasTipos" name="test_get_tareas_tipos" time="0.100" /><testcase classname="backend.tests.test_tareas_irrigaciones_enhanced.TestTareasCalendario" name="test_get_tareas_calendario" time="0.117" /><testcase classname="backend.tests.test_tareas_irrigaciones_enhanced.TestTareasCRUD" name="test_create_tarea_with_priority" time="0.229" /><testcase classname="backend.tests.test_tareas_irrigaciones_enhanced.TestTareasCRUD" name="test_create_tarea_with_subtasks" time="0.255" /><testcase classname="backend.tests.test_tareas_irrigaciones_enhanced.TestTareasCRUD" name="test_toggle_subtask" time="0.441" /><testcase classname="backend.tests.test_tareas_irrigaciones_enhanced.TestTareasCRUD" name="test_change_estado" time="0.647" /><testcase classname="backend.tests.test_tareas_irrigaciones_enhanced.TestTareasFilters" name="test_filter_by_estado" time="0.111" /><testcase classname="backend.tests.test_tareas_irrigaciones_enhanced.TestTareasFilters" name="test_filter_by_prioridad" time="0.096" /><testcase classname="backend.tests.test_tareas_irrigaciones_enhanced.TestTareasExport" name="test_export_excel" time="0.105" /><testcase classname="backend.tests.test_tareas_irrigaciones_enhanced.TestIrrigacionesStats" name="test_get_irrigaciones_stats" time="0.113" /><testcase classname="backend.tests.test_tareas_irrigaciones_enhanced.TestIrrigacionesSistemas" name="test_get_sistemas" time="0.108" /><testcase classname="backend.tests.test_tareas_irrigaciones_enhanced.TestIrrigacionesHistorial" name="test_get_historial" time="0.220" /><testcase classname="backend.tests.test_tareas_irrigaciones_enhanced.TestIrrigacionesCalculadora" name="test_calcular_consumo" time="0.139" /><testcase classname="backend.tests.test_tareas_irrigaciones_enhanced.TestIrrigacionesFilters" name="test_filter_by_sistema" time="0.103" /><testcase classname="backend.tests.test_tareas_irrigaciones_enhanced.TestIrrigacionesFilters" name="test_filter_by_estado" time="0.102" /><testcase classname="backend.tests.test_tareas_irrigaciones_enhanced.TestIrrigacionesExport" name="test_export_excel" time="0.147" /><testcase classname="backend.tests.test_tareas_irrigaciones_enhanced.TestIrrigacionesPlanificadas" name="test_get_planificadas" time="0.108" /></testsuite></testsuites>