<?xml version="1.0" encoding="utf-8"?><testsuites name="pytest tests"><testsuite name="pytest" errors="0" failures="0" skipped="0" tests="9" time="8.476" timestamp="2026-04-01T19:52:02.817328+00:00" hostname="agent-env-81754a50-7848-49fb-8ce1-4d41c5087081"><testcase classname="tests.test_ai_dashboard.TestAIDashboard" name="test_ai_dashboard_returns_200" time="0.441" /><testcase classname="tests.test_ai_dashboard.TestAIDashboard" name="test_ai_dashboard_has_reports" time="0.409" /><testcase classname="tests.test_ai_dashboard.TestAIDashboard" name="test_ai_dashboard_recent_reports_structure" time="0.395" /><testcase classname="tests.test_ai_dashboard.TestAIReportDetail" name="test_ai_report_detail_invalid_id" time="0.401" /><testcase classname="tests.test_ai_dashboard.TestAIReportDetail" name="test_ai_report_detail_not_found" time="0.373" /><testcase classname="tests.test_ai_dashboard.TestAIReportDetail" name="test_ai_report_detail_existing_report" time="0.461" /><testcase classname="tests.test_ai_dashboard.TestAIPersistence" name="test_treatment_suggestion_persists" time="5.702" /><testcase classname="tests.test_ai_dashboard.TestAIDashboardUnauthenticated" name="test_dashboard_requires_auth" time="0.149" /><testcase classname="tests.test_ai_dashboard.TestAIDashboardUnauthenticated" name="test_report_detail_requires_auth" time="0.106" /></testsuite></testsuites>