<?xml version="1.0" encoding="utf-8"?><testsuites name="pytest tests"><testsuite name="pytest" errors="0" failures="0" skipped="0" tests="18" time="3.830" timestamp="2026-02-25T16:32:33.943184+00:00" hostname="agent-env-f2641b11-25f9-406f-bf34-5048de282804"><testcase classname="backend.tests.test_fincas.TestFincasEndpoints" name="test_get_fincas_list" time="0.580" /><testcase classname="backend.tests.test_fincas.TestFincasEndpoints" name="test_get_fincas_stats" time="0.072" /><testcase classname="backend.tests.test_fincas.TestFincasEndpoints" name="test_create_finca" time="0.223" /><testcase classname="backend.tests.test_fincas.TestFincasEndpoints" name="test_create_finca_duplicate_name_fails" time="0.402" /><testcase classname="backend.tests.test_fincas.TestFincasEndpoints" name="test_get_single_finca" time="0.203" /><testcase classname="backend.tests.test_fincas.TestFincasEndpoints" name="test_get_single_finca_invalid_id" time="0.060" /><testcase classname="backend.tests.test_fincas.TestFincasEndpoints" name="test_get_single_finca_not_found" time="0.070" /><testcase classname="backend.tests.test_fincas.TestFincasEndpoints" name="test_update_finca" time="0.297" /><testcase classname="backend.tests.test_fincas.TestFincasEndpoints" name="test_delete_finca" time="0.194" /><testcase classname="backend.tests.test_fincas.TestFincasEndpoints" name="test_delete_finca_not_found" time="0.070" /><testcase classname="backend.tests.test_fincas.TestFincasFilters" name="test_filter_by_search" time="0.217" /><testcase classname="backend.tests.test_fincas.TestFincasFilters" name="test_filter_by_provincia" time="0.219" /><testcase classname="backend.tests.test_fincas.TestFincasFilters" name="test_filter_by_finca_propia" time="0.219" /><testcase classname="backend.tests.test_fincas.TestFincasSIGPACData" name="test_sigpac_data_saved_correctly" time="0.219" /><testcase classname="backend.tests.test_fincas.TestFincasSIGPACData" name="test_sigpac_data_update" time="0.273" /><testcase classname="backend.tests.test_fincas.TestFincasStatsAggregation" name="test_stats_total_hectareas" time="0.270" /><testcase classname="backend.tests.test_fincas.TestFincasStatsAggregation" name="test_stats_production_totals" time="0.080" /><testcase classname="backend.tests.test_fincas.TestFincasStatsAggregation" name="test_stats_por_provincia" time="0.074" /></testsuite></testsuites>