<?xml version="1.0" encoding="utf-8"?><testsuites name="pytest tests"><testsuite name="pytest" errors="0" failures="0" skipped="0" tests="6" time="1.242" timestamp="2026-06-29T14:02:30.930829+00:00" hostname="agent-env-81754a50-7848-49fb-8ce1-4d41c5087081"><testcase classname="backend.tests.test_visitas_numero" name="test_backfill_cot_visits_have_numero" time="0.670" /><testcase classname="backend.tests.test_visitas_numero" name="test_create_visit_auto_assigns_next_number" time="0.097" /><testcase classname="backend.tests.test_visitas_numero" name="test_create_visit_with_explicit_numero" time="0.047" /><testcase classname="backend.tests.test_visitas_numero" name="test_put_override_numero_visita" time="0.122" /><testcase classname="backend.tests.test_visitas_numero" name="test_create_first_visit_on_empty_parcela" time="0.100" /><testcase classname="backend.tests.test_visitas_numero" name="test_zzz_cleanup" time="0.176" /></testsuite></testsuites>