<?xml version="1.0" encoding="utf-8"?><testsuites name="pytest tests"><testsuite name="pytest" errors="0" failures="0" skipped="0" tests="4" time="1.265" timestamp="2026-07-01T12:20:22.474748+00:00" hostname="agent-env-81754a50-7848-49fb-8ce1-4d41c5087081"><testcase classname="backend.tests.test_cultivos_variedades" name="test_create_persists_variedades_list" time="0.628" /><testcase classname="backend.tests.test_cultivos_variedades" name="test_put_updates_variedades_list" time="0.210" /><testcase classname="backend.tests.test_cultivos_variedades" name="test_list_contains_cultivo" time="0.106" /><testcase classname="backend.tests.test_cultivos_variedades" name="test_add_variedad_endpoint_idempotent" time="0.294" /></testsuite></testsuites>