<?xml version="1.0" encoding="utf-8"?><testsuites name="pytest tests"><testsuite name="pytest" errors="0" failures="0" skipped="0" tests="8" time="2.717" timestamp="2026-04-02T11:10:30.672270+00:00" hostname="agent-env-81754a50-7848-49fb-8ce1-4d41c5087081"><testcase classname="backend.tests.test_combined_exports.TestCombinedExportEndpoints" name="test_get_export_modules" time="0.497" /><testcase classname="backend.tests.test_combined_exports.TestCombinedExportEndpoints" name="test_combined_export_excel_two_modules" time="0.385" /><testcase classname="backend.tests.test_combined_exports.TestCombinedExportEndpoints" name="test_combined_export_pdf_two_modules" time="0.400" /><testcase classname="backend.tests.test_combined_exports.TestCombinedExportEndpoints" name="test_combined_export_all_13_modules" time="0.461" /><testcase classname="backend.tests.test_combined_exports.TestCombinedExportEndpoints" name="test_combined_export_empty_modules_returns_400" time="0.364" /><testcase classname="backend.tests.test_combined_exports.TestCombinedExportEndpoints" name="test_combined_export_invalid_modules_returns_400" time="0.378" /><testcase classname="backend.tests.test_combined_exports.TestCombinedExportWithoutAuth" name="test_get_modules_requires_auth" time="0.106" /><testcase classname="backend.tests.test_combined_exports.TestCombinedExportWithoutAuth" name="test_combined_export_requires_auth" time="0.095" /></testsuite></testsuites>