<?xml version="1.0" encoding="utf-8"?><testsuites name="pytest tests"><testsuite name="pytest" errors="0" failures="0" skipped="0" tests="16" time="2.156" timestamp="2026-02-25T08:27:14.582870+00:00" hostname="agent-env-6a9f2aa6-7daf-4e2d-8dc9-1bc83232b7dc"><testcase classname="tests.test_comisiones.TestComisionesResumen" name="test_get_resumen_returns_success" time="0.552" /><testcase classname="tests.test_comisiones.TestComisionesResumen" name="test_resumen_totales_structure" time="0.053" /><testcase classname="tests.test_comisiones.TestComisionesResumen" name="test_resumen_filter_by_campana" time="0.052" /><testcase classname="tests.test_comisiones.TestComisionesResumen" name="test_resumen_filter_by_tipo_agente" time="0.140" /><testcase classname="tests.test_comisiones.TestComisionesResumen" name="test_resumen_comision_calculation" time="0.048" /><testcase classname="tests.test_comisiones.TestComisionesAgentes" name="test_get_agentes_returns_success" time="0.063" /><testcase classname="tests.test_comisiones.TestComisionesAgentes" name="test_agentes_have_required_fields" time="0.051" /><testcase classname="tests.test_comisiones.TestComisionesAgentes" name="test_agentes_filter_by_campana" time="0.048" /><testcase classname="tests.test_comisiones.TestComisionesCampanas" name="test_get_campanas_returns_success" time="0.051" /><testcase classname="tests.test_comisiones.TestComisionesCampanas" name="test_campanas_is_list" time="0.049" /><testcase classname="tests.test_comisiones.TestLiquidacionPdf" name="test_pdf_requires_agente_id" time="0.055" /><testcase classname="tests.test_comisiones.TestLiquidacionPdf" name="test_pdf_requires_tipo_agente" time="0.054" /><testcase classname="tests.test_comisiones.TestLiquidacionPdf" name="test_pdf_invalid_agente_returns_404" time="0.050" /><testcase classname="tests.test_comisiones.TestLiquidacionPdf" name="test_pdf_generation_valid_agent" time="0.210" /><testcase classname="tests.test_comisiones.TestContratoComisiones" name="test_create_contract_with_percentage_commission" time="0.299" /><testcase classname="tests.test_comisiones.TestContratoComisiones" name="test_create_contract_with_euro_kilo_commission" time="0.304" /></testsuite></testsuites>