<?xml version="1.0" encoding="utf-8"?><testsuites name="pytest tests"><testsuite name="pytest" errors="0" failures="0" skipped="0" tests="13" time="1.975" timestamp="2026-04-10T14:44:30.890239+00:00" hostname="agent-env-81754a50-7848-49fb-8ce1-4d41c5087081"><testcase classname="tests.test_pwa_tratamientos.TestPWAAssets" name="test_manifest_json_accessible" time="0.123" /><testcase classname="tests.test_pwa_tratamientos.TestPWAAssets" name="test_service_worker_accessible" time="0.111" /><testcase classname="tests.test_pwa_tratamientos.TestPWAAssets" name="test_icon_192x192_accessible" time="0.147" /><testcase classname="tests.test_pwa_tratamientos.TestPWAAssets" name="test_icon_512x512_accessible" time="0.140" /><testcase classname="tests.test_pwa_tratamientos.TestTratamientosAPI" name="test_get_tratamientos_list" time="0.488" /><testcase classname="tests.test_pwa_tratamientos.TestTratamientosAPI" name="test_get_tratamientos_stats" time="0.118" /><testcase classname="tests.test_pwa_tratamientos.TestTratamientosAPI" name="test_get_parcelas_for_tratamientos" time="0.111" /><testcase classname="tests.test_pwa_tratamientos.TestTratamientosAPI" name="test_get_maquinaria_for_tratamientos" time="0.143" /><testcase classname="tests.test_pwa_tratamientos.TestTratamientosAPI" name="test_get_tecnicos_aplicadores" time="0.106" /><testcase classname="tests.test_pwa_tratamientos.TestTratamientosAPI" name="test_get_fitosanitarios_for_calculadora" time="0.101" /><testcase classname="tests.test_pwa_tratamientos.TestOtherPagesRegression" name="test_dashboard_loads" time="0.124" /><testcase classname="tests.test_pwa_tratamientos.TestOtherPagesRegression" name="test_erp_integration_page" time="0.122" /><testcase classname="tests.test_pwa_tratamientos.TestOtherPagesRegression" name="test_sigpac_provincias" time="0.105" /></testsuite></testsuites>