<?xml version="1.0" encoding="utf-8"?><testsuites name="pytest tests"><testsuite name="pytest" errors="0" failures="0" skipped="0" tests="8" time="3.928" timestamp="2026-04-10T15:16:51.917680+00:00" hostname="agent-env-81754a50-7848-49fb-8ce1-4d41c5087081"><testcase classname="backend.tests.test_historial_tratamientos.TestHistorialTratamientosEndpoint" name="test_historial_tratamientos_valid_parcela_with_data" time="0.719" /><testcase classname="backend.tests.test_historial_tratamientos.TestHistorialTratamientosEndpoint" name="test_historial_tratamientos_with_existing_parcela" time="0.523" /><testcase classname="backend.tests.test_historial_tratamientos.TestHistorialTratamientosEndpoint" name="test_historial_tratamientos_nonexistent_parcela" time="0.484" /><testcase classname="backend.tests.test_historial_tratamientos.TestHistorialTratamientosEndpoint" name="test_historial_tratamientos_invalid_objectid" time="0.387" /><testcase classname="backend.tests.test_historial_tratamientos.TestHistorialTratamientosEndpoint" name="test_historial_tratamientos_unauthorized" time="0.453" /><testcase classname="backend.tests.test_historial_tratamientos.TestHistorialTratamientosEndpoint" name="test_historial_response_structure_complete" time="0.425" /><testcase classname="backend.tests.test_historial_tratamientos.TestParcelasEndpointRegression" name="test_get_parcelas_list" time="0.377" /><testcase classname="backend.tests.test_historial_tratamientos.TestParcelasEndpointRegression" name="test_get_single_parcela" time="0.527" /></testsuite></testsuites>