<?xml version="1.0" encoding="utf-8"?><testsuites name="pytest tests"><testsuite name="pytest" errors="0" failures="0" skipped="0" tests="4" time="1.341" timestamp="2026-06-29T15:12:21.046985+00:00" hostname="agent-env-81754a50-7848-49fb-8ce1-4d41c5087081"><testcase classname="backend.tests.test_tratamiento_aplicador_persistence" name="test_post_persists_tecnico_aplicador_id" time="0.706" /><testcase classname="backend.tests.test_tratamiento_aplicador_persistence" name="test_get_returns_tecnico_aplicador_id" time="0.142" /><testcase classname="backend.tests.test_tratamiento_aplicador_persistence" name="test_put_updates_tecnico_aplicador_id" time="0.216" /><testcase classname="backend.tests.test_tratamiento_aplicador_persistence" name="test_put_can_clear_tecnico_aplicador_id" time="0.252" /></testsuite></testsuites>