<?xml version="1.0" encoding="utf-8"?><testsuites name="pytest tests"><testsuite name="pytest" errors="0" failures="0" skipped="0" tests="16" time="1.912" timestamp="2026-02-25T09:53:47.482076+00:00" hostname="agent-env-9e57e141-19d7-4166-b953-baff5b520cff"><testcase classname="backend.tests.test_config_themes.TestGetPredefinedThemes" name="test_get_themes_public_endpoint" time="0.126" /><testcase classname="backend.tests.test_config_themes.TestGetPredefinedThemes" name="test_get_themes_returns_8_predefined" time="0.059" /><testcase classname="backend.tests.test_config_themes.TestGetPredefinedThemes" name="test_get_themes_structure" time="0.063" /><testcase classname="backend.tests.test_config_themes.TestGetPredefinedThemes" name="test_get_themes_includes_expected_ids" time="0.077" /><testcase classname="backend.tests.test_config_themes.TestGetCurrentTheme" name="test_get_current_theme_public" time="0.065" /><testcase classname="backend.tests.test_config_themes.TestGetCurrentTheme" name="test_get_current_theme_structure" time="0.075" /><testcase classname="backend.tests.test_config_themes.TestGetCurrentTheme" name="test_get_current_theme_valid_hsl" time="0.064" /><testcase classname="backend.tests.test_config_themes.TestSetPredefinedTheme" name="test_set_theme_requires_auth" time="0.061" /><testcase classname="backend.tests.test_config_themes.TestSetPredefinedTheme" name="test_set_predefined_theme_success" time="0.411" /><testcase classname="backend.tests.test_config_themes.TestSetPredefinedTheme" name="test_set_theme_persists" time="0.159" /><testcase classname="backend.tests.test_config_themes.TestSetPredefinedTheme" name="test_set_invalid_theme_fails" time="0.052" /><testcase classname="backend.tests.test_config_themes.TestSetCustomTheme" name="test_set_custom_colors_success" time="0.122" /><testcase classname="backend.tests.test_config_themes.TestSetCustomTheme" name="test_custom_colors_persist" time="0.192" /><testcase classname="backend.tests.test_config_themes.TestResetTheme" name="test_reset_theme_requires_auth" time="0.057" /><testcase classname="backend.tests.test_config_themes.TestResetTheme" name="test_reset_theme_success" time="0.110" /><testcase classname="backend.tests.test_config_themes.TestResetTheme" name="test_reset_restores_default" time="0.160" /></testsuite></testsuites>