<?xml version="1.0" encoding="utf-8"?><testsuites name="pytest tests"><testsuite name="pytest" errors="0" failures="0" skipped="0" tests="9" time="3.746" timestamp="2026-02-25T17:24:21.863664+00:00" hostname="agent-env-f2641b11-25f9-406f-bf34-5048de282804"><testcase classname="backend.tests.test_sigpac_integration.TestSIGPACProvincias" name="test_get_provincias_list" time="0.581" /><testcase classname="backend.tests.test_sigpac_integration.TestSIGPACProvincias" name="test_provincias_contains_known_provinces" time="0.080" /><testcase classname="backend.tests.test_sigpac_integration.TestSIGPACUsos" name="test_get_usos_list" time="0.083" /><testcase classname="backend.tests.test_sigpac_integration.TestSIGPACUsos" name="test_usos_contains_common_types" time="0.087" /><testcase classname="backend.tests.test_sigpac_integration.TestSIGPACConsulta" name="test_consulta_missing_params_fails" time="0.107" /><testcase classname="backend.tests.test_sigpac_integration.TestSIGPACConsulta" name="test_consulta_valid_parcela" time="0.687" /><testcase classname="backend.tests.test_sigpac_integration.TestSIGPACConsulta" name="test_consulta_nonexistent_parcela" time="0.626" /><testcase classname="backend.tests.test_sigpac_integration.TestSIGPACConsulta" name="test_consulta_with_recinto" time="0.625" /><testcase classname="backend.tests.test_sigpac_integration.TestSIGPACIntegrationFlow" name="test_full_flow_provincias_to_consulta" time="0.801" /></testsuite></testsuites>