<?xml version="1.0" encoding="utf-8"?><testsuites name="pytest tests"><testsuite name="pytest" errors="0" failures="0" skipped="0" tests="16" time="2.483" timestamp="2026-02-25T10:21:58.506819+00:00" hostname="agent-env-9e57e141-19d7-4166-b953-baff5b520cff"><testcase classname="tests.test_parcelas.TestParcelasAuth" name="test_login" time="0.345" /><testcase classname="tests.test_parcelas.TestParcelasCRUD" name="test_list_parcelas" time="0.105" /><testcase classname="tests.test_parcelas.TestParcelasCRUD" name="test_list_parcelas_structure" time="0.102" /><testcase classname="tests.test_parcelas.TestParcelasCRUD" name="test_filter_parcelas_by_campana" time="0.205" /><testcase classname="tests.test_parcelas.TestParcelasCRUD" name="test_filter_parcelas_by_proveedor" time="0.213" /><testcase classname="tests.test_parcelas.TestParcelasCreateEdit" name="test_get_contratos_for_parcela" time="0.100" /><testcase classname="tests.test_parcelas.TestParcelasCreateEdit" name="test_create_parcela_requires_contrato" time="0.098" /><testcase classname="tests.test_parcelas.TestParcelasCreateEdit" name="test_create_parcela_with_contrato" time="0.103" /><testcase classname="tests.test_parcelas.TestParcelasCreateEdit" name="test_get_parcela_by_id" time="0.108" /><testcase classname="tests.test_parcelas.TestParcelasCreateEdit" name="test_update_parcela" time="0.299" /><testcase classname="tests.test_parcelas.TestParcelasCreateEdit" name="test_invalid_parcela_id" time="0.101" /><testcase classname="tests.test_parcelas.TestParcelasCreateEdit" name="test_parcela_not_found" time="0.099" /><testcase classname="tests.test_parcelas.TestParcelasCleanup" name="test_delete_parcela_with_contrato" time="0.229" /><testcase classname="tests.test_parcelas.TestParcelasCleanup" name="test_delete_parcela_without_contrato" time="0.112" /><testcase classname="tests.test_parcelas.TestParcelasUnauthorized" name="test_list_parcelas_without_auth" time="0.101" /><testcase classname="tests.test_parcelas.TestParcelasUnauthorized" name="test_create_parcela_without_auth" time="0.103" /></testsuite></testsuites>