<?xml version="1.0" encoding="utf-8"?><testsuites name="pytest tests"><testsuite name="pytest" errors="0" failures="0" skipped="0" tests="3" time="1.761" timestamp="2026-06-26T14:36:56.316096+00:00" hostname="agent-env-81754a50-7848-49fb-8ce1-4d41c5087081"><testcase classname="backend.tests.test_impresos_save_bug.TestImpresosPersistence" name="test_create_with_full_impresos_persists" time="0.967" /><testcase classname="backend.tests.test_impresos_save_bug.TestImpresosPersistence" name="test_update_existing_impresos_persists" time="0.427" /><testcase classname="backend.tests.test_impresos_save_bug.TestImpresosPersistence" name="test_tri_state_si_no_false_persists" time="0.338" /></testsuite></testsuites>