<?xml version="1.0" encoding="utf-8"?><testsuites name="pytest tests"><testsuite name="pytest" errors="0" failures="2" skipped="0" tests="19" time="3.407" timestamp="2026-02-25T13:28:17.749209+00:00" hostname="agent-env-9e57e141-19d7-4166-b953-baff5b520cff"><testcase classname="tests.test_recomendaciones.TestRecomendacionesConfig" name="test_get_tipos_config" time="0.587" /><testcase classname="tests.test_recomendaciones.TestRecomendacionesStats" name="test_get_stats_resumen" time="0.064" /><testcase classname="tests.test_recomendaciones.TestRecomendacionesCRUD" name="test_list_recomendaciones" time="0.066" /><testcase classname="tests.test_recomendaciones.TestRecomendacionesCRUD" name="test_create_recomendacion" time="0.240" /><testcase classname="tests.test_recomendaciones.TestRecomendacionesCRUD" name="test_create_requires_parcela" time="0.072" /><testcase classname="tests.test_recomendaciones.TestRecomendacionesCRUD" name="test_get_recomendacion_by_id" time="0.185" /><testcase classname="tests.test_recomendaciones.TestRecomendacionesCRUD" name="test_update_recomendacion" time="0.301" /><testcase classname="tests.test_recomendaciones.TestRecomendacionesCRUD" name="test_delete_recomendacion" time="0.275"><failure message="assert 500 == 404&#10; +  where 500 = &lt;Response [500]&gt;.status_code">tests/test_recomendaciones.py:263: in test_delete_recomendacion
    assert get_response.status_code == 404
E   assert 500 == 404
E    +  where 500 = &lt;Response [500]&gt;.status_code</failure></testcase><testcase classname="tests.test_recomendaciones.TestRecomendacionesCRUD" name="test_recomendacion_not_found" time="0.065"><failure message="assert 500 == 404&#10; +  where 500 = &lt;Response [500]&gt;.status_code">tests/test_recomendaciones.py:269: in test_recomendacion_not_found
    assert response.status_code == 404
E   assert 500 == 404
E    +  where 500 = &lt;Response [500]&gt;.status_code</failure></testcase><testcase classname="tests.test_recomendaciones.TestRecomendacionesCRUD" name="test_invalid_recomendacion_id" time="0.063" /><testcase classname="tests.test_recomendaciones.TestRecomendacionesFilters" name="test_filter_by_tipo" time="0.060" /><testcase classname="tests.test_recomendaciones.TestRecomendacionesFilters" name="test_filter_by_prioridad" time="0.082" /><testcase classname="tests.test_recomendaciones.TestRecomendacionesFilters" name="test_filter_by_estado" time="0.071" /><testcase classname="tests.test_recomendaciones.TestGenerarTratamiento" name="test_generar_tratamiento" time="0.248" /><testcase classname="tests.test_recomendaciones.TestGenerarTratamiento" name="test_cannot_generate_twice" time="0.265" /><testcase classname="tests.test_recomendaciones.TestGenerarTratamiento" name="test_cannot_edit_after_tratamiento" time="0.273" /><testcase classname="tests.test_recomendaciones.TestRecomendacionesAuth" name="test_list_requires_auth" time="0.153" /><testcase classname="tests.test_recomendaciones.TestRecomendacionesAuth" name="test_create_requires_auth" time="0.105" /><testcase classname="tests.test_recomendaciones.TestRecomendacionesAuth" name="test_config_tipos_no_auth_required" time="0.115" /></testsuite></testsuites>