<?xml version="1.0" encoding="utf-8"?><testsuites name="pytest tests"><testsuite name="pytest" errors="0" failures="0" skipped="0" tests="16" time="2.613" timestamp="2026-04-01T18:34:54.224255+00:00" hostname="agent-env-06037498-8209-4ea8-8551-10e84611f3b3"><testcase classname="backend.tests.test_parcelas.TestParcelasAuth" name="test_login" time="0.327" /><testcase classname="backend.tests.test_parcelas.TestParcelasCRUD" name="test_list_parcelas" time="0.122" /><testcase classname="backend.tests.test_parcelas.TestParcelasCRUD" name="test_list_parcelas_structure" time="0.147" /><testcase classname="backend.tests.test_parcelas.TestParcelasCRUD" name="test_filter_parcelas_by_campana" time="0.220" /><testcase classname="backend.tests.test_parcelas.TestParcelasCRUD" name="test_filter_parcelas_by_proveedor" time="0.230" /><testcase classname="backend.tests.test_parcelas.TestParcelasCreateEdit" name="test_get_contratos_for_parcela" time="0.112" /><testcase classname="backend.tests.test_parcelas.TestParcelasCreateEdit" name="test_create_parcela_requires_contrato" time="0.106" /><testcase classname="backend.tests.test_parcelas.TestParcelasCreateEdit" name="test_create_parcela_with_contrato" time="0.106" /><testcase classname="backend.tests.test_parcelas.TestParcelasCreateEdit" name="test_get_parcela_by_id" time="0.117" /><testcase classname="backend.tests.test_parcelas.TestParcelasCreateEdit" name="test_update_parcela" time="0.318" /><testcase classname="backend.tests.test_parcelas.TestParcelasCreateEdit" name="test_invalid_parcela_id" time="0.105" /><testcase classname="backend.tests.test_parcelas.TestParcelasCreateEdit" name="test_parcela_not_found" time="0.137" /><testcase classname="backend.tests.test_parcelas.TestParcelasCleanup" name="test_delete_parcela_with_contrato" time="0.215" /><testcase classname="backend.tests.test_parcelas.TestParcelasCleanup" name="test_delete_parcela_without_contrato" time="0.107" /><testcase classname="backend.tests.test_parcelas.TestParcelasUnauthorized" name="test_list_parcelas_without_auth" time="0.100" /><testcase classname="backend.tests.test_parcelas.TestParcelasUnauthorized" name="test_create_parcela_without_auth" time="0.118" /></testsuite></testsuites>