<?xml version="1.0" encoding="utf-8"?><testsuites name="pytest tests"><testsuite name="pytest" errors="0" failures="0" skipped="0" tests="9" time="3.529" timestamp="2026-04-02T11:00:58.674487+00:00" hostname="agent-env-81754a50-7848-49fb-8ce1-4d41c5087081"><testcase classname="backend.tests.test_p2_exports.TestP2ExportEndpoints" name="test_evaluaciones_export_excel" time="0.597" /><testcase classname="backend.tests.test_p2_exports.TestP2ExportEndpoints" name="test_evaluaciones_export_pdf" time="0.443" /><testcase classname="backend.tests.test_p2_exports.TestP2ExportEndpoints" name="test_tecnicos_aplicadores_export_excel" time="0.452" /><testcase classname="backend.tests.test_p2_exports.TestP2ExportEndpoints" name="test_tecnicos_aplicadores_export_pdf" time="0.469" /><testcase classname="backend.tests.test_p2_exports.TestP2ExportEndpoints" name="test_maquinaria_export_excel" time="0.429" /><testcase classname="backend.tests.test_p2_exports.TestP2ExportEndpoints" name="test_maquinaria_export_pdf" time="0.423" /><testcase classname="backend.tests.test_p2_exports.TestExportEndpointsWithoutAuth" name="test_evaluaciones_export_requires_auth" time="0.207" /><testcase classname="backend.tests.test_p2_exports.TestExportEndpointsWithoutAuth" name="test_tecnicos_export_requires_auth" time="0.258" /><testcase classname="backend.tests.test_p2_exports.TestExportEndpointsWithoutAuth" name="test_maquinaria_export_requires_auth" time="0.212" /></testsuite></testsuites>