<?xml version="1.0" encoding="utf-8"?><testsuites name="pytest tests"><testsuite name="pytest" errors="0" failures="0" skipped="1" tests="6" time="2.676" timestamp="2026-07-22T06:31:20.448497+00:00" hostname="agent-env-81754a50-7848-49fb-8ce1-4d41c5087081"><testcase classname="backend.tests.test_visitas_ordering_bug.TestVisitasOrdering" name="test_default_limit_is_at_least_10000" time="0.577" /><testcase classname="backend.tests.test_visitas_ordering_bug.TestVisitasOrdering" name="test_new_visita_appears_at_position_0_first_creation" time="0.537" /><testcase classname="backend.tests.test_visitas_ordering_bug.TestVisitasOrdering" name="test_new_visita_appears_at_position_0_second_creation" time="0.308" /><testcase classname="backend.tests.test_visitas_ordering_bug.TestVisitasOrdering" name="test_ordering_is_created_at_desc" time="0.929" /><testcase classname="backend.tests.test_visitas_ordering_bug.TestTratamientosOrdering" name="test_default_limit_is_at_least_10000" time="0.103" /><testcase classname="backend.tests.test_visitas_ordering_bug.TestTratamientosOrdering" name="test_new_tratamiento_appears_at_position_0" time="0.192"><skipped type="pytest.skip" message="Tratamiento model needs more fields: {&quot;detail&quot;:[{&quot;type&quot;:&quot;missing&quot;,&quot;loc&quot;:[&quot;body&quot;,&quot;aplicacion_numero&quot;],&quot;msg&quot;:&quot;Field required&quot;,&quot;input&quot;:{&quot;parcelas_ids&quot;:[&quot;6a3e90f77b8cf2eb0d697bc1&quot;],&quot;tipo_tratamiento&quot;:&quot;fitosanitario&quot;,&quot;subtipo&quot;:&quot;TEST&quot;,&quot;fecha_t">/app/backend/tests/test_visitas_ordering_bug.py:194: Tratamiento model needs more fields: {"detail":[{"type":"missing","loc":["body","aplicacion_numero"],"msg":"Field required","input":{"parcelas_ids":["6a3e90f77b8cf2eb0d697bc1"],"tipo_tratamiento":"fitosanitario","subtipo":"TEST","fecha_t</skipped></testcase></testsuite></testsuites>