<?xml version="1.0" encoding="utf-8"?><testsuites name="pytest tests"><testsuite name="pytest" errors="0" failures="0" skipped="0" tests="17" time="7.342" timestamp="2026-04-10T13:23:57.001947+00:00" hostname="agent-env-81754a50-7848-49fb-8ce1-4d41c5087081"><testcase classname="backend.tests.test_alertas.TestAlertasEndpoints" name="test_get_alertas_resumen_returns_200" time="0.529" /><testcase classname="backend.tests.test_alertas.TestAlertasEndpoints" name="test_alertas_resumen_tecnicos_structure" time="0.427" /><testcase classname="backend.tests.test_alertas.TestAlertasEndpoints" name="test_alertas_resumen_maquinaria_structure" time="0.442" /><testcase classname="backend.tests.test_alertas.TestAlertasEndpoints" name="test_alertas_detects_itv_vencida" time="0.401" /><testcase classname="backend.tests.test_alertas.TestAlertasEndpoints" name="test_alertas_detects_mantenimiento_pendiente" time="0.374" /><testcase classname="backend.tests.test_alertas.TestAlertasEndpoints" name="test_alertas_requires_authentication" time="0.384" /><testcase classname="backend.tests.test_alertas.TestAlertasCrearTarea" name="test_crear_tarea_mantenimiento_maquinaria" time="0.428" /><testcase classname="backend.tests.test_alertas.TestAlertasCrearTarea" name="test_crear_tarea_prevents_duplicates" time="0.396" /><testcase classname="backend.tests.test_alertas.TestAlertasCrearTarea" name="test_get_tareas_existentes" time="0.395" /><testcase classname="backend.tests.test_alertas.TestAlertasCrearTarea" name="test_created_task_appears_in_tareas_list" time="0.378" /><testcase classname="backend.tests.test_alertas.TestAlertasCrearTarea" name="test_alertas_resumen_returns_expected_count" time="0.430" /><testcase classname="backend.tests.test_alertas.TestMaquinariaITVFields" name="test_create_maquinaria_with_itv_fields" time="0.504" /><testcase classname="backend.tests.test_alertas.TestMaquinariaITVFields" name="test_update_maquinaria_with_itv_fields" time="0.539" /><testcase classname="backend.tests.test_alertas.TestMaquinariaPageRegression" name="test_maquinaria_list_endpoint" time="0.410" /><testcase classname="backend.tests.test_alertas.TestMaquinariaPageRegression" name="test_maquinaria_stats_endpoint" time="0.413" /><testcase classname="backend.tests.test_alertas.TestEvaluacionesPageRegression" name="test_evaluaciones_list_endpoint" time="0.428" /><testcase classname="backend.tests.test_alertas.TestEvaluacionesPageRegression" name="test_evaluaciones_config_endpoint" time="0.393" /></testsuite></testsuites>