<?xml version="1.0" encoding="utf-8"?><testsuites name="pytest tests"><testsuite name="pytest" errors="0" failures="0" skipped="0" tests="4" time="3.825" timestamp="2026-07-01T06:38:25.226138+00:00" hostname="agent-env-81754a50-7848-49fb-8ce1-4d41c5087081"><testcase classname="backend.tests.test_evaluaciones_no_answer" name="test_evaluacion_exists" time="0.511" /><testcase classname="backend.tests.test_evaluaciones_no_answer" name="test_put_and_persist_false_for_td9" time="0.329" /><testcase classname="backend.tests.test_evaluaciones_no_answer" name="test_pdf_shows_no_for_td9" time="2.582" /><testcase classname="backend.tests.test_evaluaciones_no_answer" name="test_put_and_persist_true_and_texto" time="0.376" /></testsuite></testsuites>