<?xml version="1.0" encoding="utf-8"?><testsuites name="pytest tests"><testsuite name="pytest" errors="0" failures="0" skipped="0" tests="6" time="1.495" timestamp="2026-06-29T15:00:00.682852+00:00" hostname="agent-env-81754a50-7848-49fb-8ce1-4d41c5087081"><testcase classname="backend.tests.test_tecnicos_maquinas.TestTecnicoMaquinasIds" name="test_create_tecnico_with_maquinas" time="0.753" /><testcase classname="backend.tests.test_tecnicos_maquinas.TestTecnicoMaquinasIds" name="test_get_list_contains_maquinas_ids" time="0.113" /><testcase classname="backend.tests.test_tecnicos_maquinas.TestTecnicoMaquinasIds" name="test_get_activos_contains_maquinas_ids" time="0.123" /><testcase classname="backend.tests.test_tecnicos_maquinas.TestTecnicoMaquinasIds" name="test_update_tecnico_change_maquinas" time="0.262" /><testcase classname="backend.tests.test_tecnicos_maquinas.TestTecnicoMaquinasIds" name="test_update_remove_maquinas" time="0.111" /><testcase classname="backend.tests.test_tecnicos_maquinas.TestTecnicoMaquinasIds" name="test_cleanup" time="0.115" /></testsuite></testsuites>