<?xml version="1.0" encoding="utf-8"?><testsuites name="pytest tests"><testsuite name="pytest" errors="0" failures="0" skipped="0" tests="7" time="4.418" timestamp="2026-07-01T12:33:18.105915+00:00" hostname="agent-env-81754a50-7848-49fb-8ce1-4d41c5087081"><testcase classname="backend.tests.test_pdf_anchors_navigation.TestPDFDownload" name="test_pdf_downloads_ok" time="4.310" /><testcase classname="backend.tests.test_pdf_anchors_navigation.TestPDFInternalLinks" name="test_pdf_has_internal_links" time="0.009" /><testcase classname="backend.tests.test_pdf_anchors_navigation.TestPDFInternalLinks" name="test_pdf_page1_index_has_link_targets" time="0.008" /><testcase classname="backend.tests.test_pdf_anchors_navigation.TestHTMLStructure" name="test_source_contains_anchor_targets" time="0.001" /><testcase classname="backend.tests.test_pdf_anchors_navigation.TestHTMLStructure" name="test_source_contains_href_references" time="0.000" /><testcase classname="backend.tests.test_pdf_anchors_navigation.TestHTMLStructure" name="test_source_has_index_item_link_class" time="0.000" /><testcase classname="backend.tests.test_pdf_anchors_navigation.TestBackwardsCompatIndex" name="test_index_still_shows_visita_and_tratamiento_labels" time="0.008" /></testsuite></testsuites>