<?xml version="1.0" encoding="utf-8"?><testsuites name="pytest tests"><testsuite name="pytest" errors="0" failures="0" skipped="0" tests="12" time="5.425" timestamp="2026-02-25T15:58:59.962830+00:00" hostname="agent-env-fc33370a-88b3-42c8-ba86-2b6f85ab3439"><testcase classname="backend.tests.test_resumen_diario.TestResumenDiarioAPI" name="test_resumen_diario_requires_auth" time="0.235" /><testcase classname="backend.tests.test_resumen_diario.TestResumenDiarioAPI" name="test_get_resumen_diario" time="0.456" /><testcase classname="backend.tests.test_resumen_diario.TestResumenDiarioAPI" name="test_alertas_clima_structure" time="0.474" /><testcase classname="backend.tests.test_resumen_diario.TestResumenDiarioAPI" name="test_tratamientos_hoy_structure" time="0.460" /><testcase classname="backend.tests.test_resumen_diario.TestResumenDiarioAPI" name="test_contratos_vencer_structure" time="0.470" /><testcase classname="backend.tests.test_resumen_diario.TestResumenDiarioAPI" name="test_kpis_structure" time="0.498" /><testcase classname="backend.tests.test_resumen_diario.TestResumenDiarioAPI" name="test_fecha_format" time="0.513" /><testcase classname="backend.tests.test_resumen_diario.TestResumenDiarioAPI" name="test_usuario_field" time="0.425" /><testcase classname="backend.tests.test_resumen_diario.TestResumenDiarioAPI" name="test_totals_are_non_negative" time="0.412" /><testcase classname="backend.tests.test_resumen_diario.TestResumenDiarioDataConsistency" name="test_alertas_total_matches_sum" time="0.436" /><testcase classname="backend.tests.test_resumen_diario.TestResumenDiarioDataConsistency" name="test_tratamientos_list_count_matches_total" time="0.409" /><testcase classname="backend.tests.test_resumen_diario.TestResumenDiarioDataConsistency" name="test_contratos_list_count_matches_total" time="0.544" /></testsuite></testsuites>