<?xml version="1.0" encoding="utf-8"?><testsuites name="pytest tests"><testsuite name="pytest" errors="0" failures="0" skipped="0" tests="10" time="6.537" timestamp="2026-04-02T08:56:13.103606+00:00" hostname="agent-env-81754a50-7848-49fb-8ce1-4d41c5087081"><testcase classname="backend.tests.test_p1_regression.TestExportEndpointsRegression" name="test_visitas_export_excel" time="0.603" /><testcase classname="backend.tests.test_p1_regression.TestExportEndpointsRegression" name="test_visitas_export_pdf" time="0.530" /><testcase classname="backend.tests.test_p1_regression.TestExportEndpointsRegression" name="test_parcelas_export_excel" time="0.427" /><testcase classname="backend.tests.test_p1_regression.TestExportEndpointsRegression" name="test_parcelas_export_pdf" time="0.467" /><testcase classname="backend.tests.test_p1_regression.TestExportEndpointsRegression" name="test_tratamientos_export_pdf" time="0.425" /><testcase classname="backend.tests.test_p1_regression.TestExportEndpointsRegression" name="test_irrigaciones_export_pdf" time="0.422" /><testcase classname="backend.tests.test_p1_regression.TestAIChatEndpoint" name="test_ai_chat_endpoint_works" time="2.353" /><testcase classname="backend.tests.test_p1_regression.TestNFCFichajeEndpoint" name="test_nfc_fichaje_endpoint_exists" time="0.424" /><testcase classname="backend.tests.test_p1_regression.TestDashboardKPIs" name="test_dashboard_kpis_returns_valid_data" time="0.449" /><testcase classname="backend.tests.test_p1_regression.TestParcelasEndpoint" name="test_parcelas_with_pagination_params" time="0.408" /></testsuite></testsuites>