<?xml version="1.0" encoding="utf-8"?><testsuites name="pytest tests"><testsuite name="pytest" errors="0" failures="0" skipped="0" tests="31" time="3.402" timestamp="2026-02-25T15:28:14.646600+00:00" hostname="agent-env-fc33370a-88b3-42c8-ba86-2b6f85ab3439"><testcase classname="backend.tests.test_alertas_clima.TestGetAlertas" name="test_get_alertas_success" time="0.547" /><testcase classname="backend.tests.test_alertas_clima.TestGetAlertas" name="test_get_alertas_filter_by_estado_pendiente" time="0.066" /><testcase classname="backend.tests.test_alertas_clima.TestGetAlertas" name="test_get_alertas_filter_by_estado_revisada" time="0.083" /><testcase classname="backend.tests.test_alertas_clima.TestGetAlertas" name="test_get_alertas_filter_by_estado_resuelta" time="0.066" /><testcase classname="backend.tests.test_alertas_clima.TestGetAlertas" name="test_get_alertas_filter_by_prioridad" time="0.106" /><testcase classname="backend.tests.test_alertas_clima.TestGetAlertas" name="test_get_alertas_with_limit" time="0.085" /><testcase classname="backend.tests.test_alertas_clima.TestGetAlertas" name="test_get_alertas_unauthorized" time="0.136" /><testcase classname="backend.tests.test_alertas_clima.TestRegistrarClimaManual" name="test_registrar_clima_manual_success" time="0.102" /><testcase classname="backend.tests.test_alertas_clima.TestRegistrarClimaManual" name="test_registrar_clima_manual_high_humidity_generates_alert" time="0.108" /><testcase classname="backend.tests.test_alertas_clima.TestRegistrarClimaManual" name="test_registrar_clima_manual_high_temperature_generates_alert" time="0.089" /><testcase classname="backend.tests.test_alertas_clima.TestRegistrarClimaManual" name="test_registrar_clima_manual_rain_generates_alert" time="0.107" /><testcase classname="backend.tests.test_alertas_clima.TestRegistrarClimaManual" name="test_registrar_clima_manual_mild_temp_generates_aphid_alert" time="0.086" /><testcase classname="backend.tests.test_alertas_clima.TestRegistrarClimaManual" name="test_registrar_clima_manual_missing_required_fields" time="0.055" /><testcase classname="backend.tests.test_alertas_clima.TestVerificarTodas" name="test_verificar_todas_success" time="0.087" /><testcase classname="backend.tests.test_alertas_clima.TestVerificarTodas" name="test_verificar_todas_unauthorized" time="0.119" /><testcase classname="backend.tests.test_alertas_clima.TestUpdateAlertaEstado" name="test_update_alerta_to_revisada" time="0.139" /><testcase classname="backend.tests.test_alertas_clima.TestUpdateAlertaEstado" name="test_update_alerta_to_resuelta" time="0.154" /><testcase classname="backend.tests.test_alertas_clima.TestUpdateAlertaEstado" name="test_update_alerta_to_pendiente" time="0.133" /><testcase classname="backend.tests.test_alertas_clima.TestUpdateAlertaEstado" name="test_update_alerta_not_found" time="0.058" /><testcase classname="backend.tests.test_alertas_clima.TestUpdateAlertaEstado" name="test_update_alerta_invalid_id" time="0.063" /><testcase classname="backend.tests.test_alertas_clima.TestGetReglasConfig" name="test_get_reglas_config_success" time="0.071" /><testcase classname="backend.tests.test_alertas_clima.TestGetReglasConfig" name="test_get_reglas_config_has_expected_rules" time="0.060" /><testcase classname="backend.tests.test_alertas_clima.TestUpdateReglaConfig" name="test_toggle_regla_disable" time="0.107" /><testcase classname="backend.tests.test_alertas_clima.TestUpdateReglaConfig" name="test_toggle_regla_enable" time="0.129" /><testcase classname="backend.tests.test_alertas_clima.TestUpdateReglaConfig" name="test_update_regla_custom_threshold" time="0.089" /><testcase classname="backend.tests.test_alertas_clima.TestUpdateReglaConfig" name="test_update_regla_not_found" time="0.054" /><testcase classname="backend.tests.test_alertas_clima.TestGetAlertasStats" name="test_get_stats_success" time="0.091" /><testcase classname="backend.tests.test_alertas_clima.TestGetAlertasStats" name="test_get_stats_por_tipo_valid" time="0.065" /><testcase classname="backend.tests.test_alertas_clima.TestGetAlertasStats" name="test_get_stats_top_parcelas_format" time="0.086" /><testcase classname="backend.tests.test_alertas_clima.TestAlertDataValidation" name="test_alert_has_all_required_fields" time="0.065" /><testcase classname="backend.tests.test_alertas_clima.TestAlertDataValidation" name="test_alert_has_weather_data" time="0.084" /></testsuite></testsuites>