<?xml version="1.0" encoding="utf-8"?><testsuites name="pytest tests"><testsuite name="pytest" errors="0" failures="0" skipped="0" tests="13" time="8.457" timestamp="2026-06-26T15:19:09.118496+00:00" hostname="agent-env-81754a50-7848-49fb-8ce1-4d41c5087081"><testcase classname="backend.tests.test_pdf_cuaderno_campo.TestPDFGeneration" name="test_pdf_cot_generated" time="1.303" /><testcase classname="backend.tests.test_pdf_cuaderno_campo.TestPDFGeneration" name="test_pdf_jim_generated" time="0.567" /><testcase classname="backend.tests.test_pdf_cuaderno_campo.TestNoIrrigacionesCosechas" name="test_cot_no_irrigaciones" time="0.473" /><testcase classname="backend.tests.test_pdf_cuaderno_campo.TestNoIrrigacionesCosechas" name="test_cot_no_cosechas" time="0.479" /><testcase classname="backend.tests.test_pdf_cuaderno_campo.TestNoIrrigacionesCosechas" name="test_jim_no_irrigaciones" time="0.320" /><testcase classname="backend.tests.test_pdf_cuaderno_campo.TestTratamientosTipoOrder" name="test_cot_tratamientos_have_real_tipo" time="0.473" /><testcase classname="backend.tests.test_pdf_cuaderno_campo.TestTratamientosTipoOrder" name="test_cot_tratamientos_ordered_oldest_first" time="0.491" /><testcase classname="backend.tests.test_pdf_cuaderno_campo.TestVisitasOrder" name="test_temp_eval_visitas_oldest_first" time="1.851" /><testcase classname="backend.tests.test_pdf_cuaderno_campo.TestSectionOrder" name="test_cot_has_consolidated_aplicador_section_at_end" time="0.498" /><testcase classname="backend.tests.test_pdf_cuaderno_campo.TestSectionOrder" name="test_cot_has_required_section_order" time="0.479" /><testcase classname="backend.tests.test_pdf_cuaderno_campo.TestSectionOrder" name="test_cot_aplicadores_have_names" time="0.479" /><testcase classname="backend.tests.test_pdf_cuaderno_campo.TestPagination" name="test_cot_pagination_matches" time="0.493" /><testcase classname="backend.tests.test_pdf_cuaderno_campo.TestImpresosAnexoRegression" name="test_calidad_cepellones_section_present" time="0.481" /></testsuite></testsuites>