<?xml version="1.0" encoding="utf-8"?><testsuites name="pytest tests"><testsuite name="pytest" errors="0" failures="0" skipped="0" tests="17" time="13.493" timestamp="2026-04-02T07:35:19.687170+00:00" hostname="agent-env-81754a50-7848-49fb-8ce1-4d41c5087081"><testcase classname="tests.test_ai_chat.TestAIChatAuth" name="test_chat_requires_auth" time="0.245" /><testcase classname="tests.test_ai_chat.TestAIChatAuth" name="test_sessions_requires_auth" time="0.091" /><testcase classname="tests.test_ai_chat.TestAIChatAuth" name="test_history_requires_auth" time="0.110" /><testcase classname="tests.test_ai_chat.TestAIChatAuth" name="test_delete_requires_auth" time="0.134" /><testcase classname="tests.test_ai_chat.TestAIChatSessions" name="test_get_sessions_returns_200" time="0.450" /><testcase classname="tests.test_ai_chat.TestAIChatSessions" name="test_sessions_structure" time="0.167" /><testcase classname="tests.test_ai_chat.TestAIChatNewSession" name="test_send_message_creates_session" time="4.755" /><testcase classname="tests.test_ai_chat.TestAIChatNewSession" name="test_empty_message_rejected" time="0.115" /><testcase classname="tests.test_ai_chat.TestAIChatNewSession" name="test_whitespace_message_rejected" time="0.096" /><testcase classname="tests.test_ai_chat.TestAIChatHistory" name="test_get_history_for_session" time="0.209" /><testcase classname="tests.test_ai_chat.TestAIChatHistory" name="test_history_invalid_session_id" time="0.094" /><testcase classname="tests.test_ai_chat.TestAIChatHistory" name="test_history_not_found" time="0.100" /><testcase classname="tests.test_ai_chat.TestAIChatConversationContext" name="test_followup_message_with_context" time="5.035" /><testcase classname="tests.test_ai_chat.TestAIChatDeleteSession" name="test_delete_session" time="1.434" /><testcase classname="tests.test_ai_chat.TestAIChatDeleteSession" name="test_delete_invalid_session_id" time="0.111" /><testcase classname="tests.test_ai_chat.TestAIChatDeleteSession" name="test_delete_not_found" time="0.100" /><testcase classname="tests.test_ai_chat.TestAIChatCleanup" name="test_cleanup_test_sessions" time="0.210" /></testsuite></testsuites>