<?xml version="1.0" encoding="utf-8"?><testsuites name="pytest tests"><testsuite name="pytest" errors="0" failures="0" skipped="0" tests="17" time="3.766" timestamp="2026-04-02T08:37:07.574582+00:00" hostname="agent-env-81754a50-7848-49fb-8ce1-4d41c5087081"><testcase classname="tests.test_exports_p0.TestVisitasExport" name="test_visitas_export_excel_returns_200" time="0.490" /><testcase classname="tests.test_exports_p0.TestVisitasExport" name="test_visitas_export_pdf_returns_200" time="0.108" /><testcase classname="tests.test_exports_p0.TestVisitasExport" name="test_visitas_export_excel_with_campana_filter" time="0.116" /><testcase classname="tests.test_exports_p0.TestVisitasExport" name="test_visitas_export_pdf_with_campana_filter" time="0.108" /><testcase classname="tests.test_exports_p0.TestParcelasExport" name="test_parcelas_export_excel_returns_200" time="0.429" /><testcase classname="tests.test_exports_p0.TestParcelasExport" name="test_parcelas_export_pdf_returns_200" time="0.103" /><testcase classname="tests.test_exports_p0.TestParcelasExport" name="test_parcelas_export_excel_with_campana_filter" time="0.097" /><testcase classname="tests.test_exports_p0.TestTratamientosExport" name="test_tratamientos_export_excel_returns_200" time="0.461" /><testcase classname="tests.test_exports_p0.TestTratamientosExport" name="test_tratamientos_export_pdf_returns_200" time="0.104" /><testcase classname="tests.test_exports_p0.TestTratamientosExport" name="test_tratamientos_export_pdf_with_campana_filter" time="0.097" /><testcase classname="tests.test_exports_p0.TestIrrigacionesExport" name="test_irrigaciones_export_excel_returns_200" time="0.425" /><testcase classname="tests.test_exports_p0.TestIrrigacionesExport" name="test_irrigaciones_export_pdf_returns_200" time="0.116" /><testcase classname="tests.test_exports_p0.TestRegressionExports" name="test_cosechas_export_pdf_still_works" time="0.704" /><testcase classname="tests.test_exports_p0.TestRegressionExports" name="test_recetas_export_pdf_still_works" time="0.101" /><testcase classname="tests.test_exports_p0.TestRegressionExports" name="test_tareas_export_pdf_still_works" time="0.097" /><testcase classname="tests.test_exports_p0.TestExportAuthRequired" name="test_visitas_export_requires_auth" time="0.095" /><testcase classname="tests.test_exports_p0.TestExportAuthRequired" name="test_parcelas_export_requires_auth" time="0.091" /></testsuite></testsuites>