<?xml version="1.0" encoding="utf-8"?><testsuites name="pytest tests"><testsuite name="pytest" errors="0" failures="0" skipped="0" tests="3" time="1.329" timestamp="2026-07-01T10:33:19.947499+00:00" hostname="agent-env-81754a50-7848-49fb-8ce1-4d41c5087081"><testcase classname="backend.tests.test_fitosanitarios_usos_mapa.TestFitosanitariosListEnrichment" name="test_search_microthiol_returns_enriched_fields" time="0.657" /><testcase classname="backend.tests.test_fitosanitarios_usos_mapa.TestFitosanitariosListEnrichment" name="test_general_list_has_many_enriched" time="0.471" /><testcase classname="backend.tests.test_fitosanitarios_usos_mapa.TestFitosanitarioDetailUsos" name="test_get_producto_by_id_includes_usos" time="0.172" /></testsuite></testsuites>