<?xml version="1.0" encoding="utf-8"?><testsuites name="pytest tests"><testsuite name="pytest" errors="0" failures="0" skipped="2" tests="15" time="1.673" timestamp="2026-02-25T09:21:05.499711+00:00" hostname="agent-env-9e57e141-19d7-4166-b953-baff5b520cff"><testcase classname="test_config_logos.TestGetLogosEndpoint" name="test_get_logos_no_auth_required" time="0.133" /><testcase classname="test_config_logos.TestGetLogosEndpoint" name="test_get_logos_returns_correct_structure" time="0.058" /><testcase classname="test_config_logos.TestUploadLogoEndpoint" name="test_upload_logo_requires_auth" time="0.066" /><testcase classname="test_config_logos.TestUploadLogoEndpoint" name="test_upload_logo_requires_admin" time="0.060"><skipped type="pytest.skip" message="Manager user not available">/app/backend/tests/test_config_logos.py:98: Manager user not available</skipped></testcase><testcase classname="test_config_logos.TestUploadLogoEndpoint" name="test_upload_login_logo_success" time="0.391" /><testcase classname="test_config_logos.TestUploadLogoEndpoint" name="test_upload_dashboard_logo_success" time="0.060" /><testcase classname="test_config_logos.TestUploadLogoEndpoint" name="test_upload_invalid_logo_type" time="0.059" /><testcase classname="test_config_logos.TestUploadLogoEndpoint" name="test_upload_invalid_file_format" time="0.053" /><testcase classname="test_config_logos.TestUploadLogoEndpoint" name="test_logos_persisted_after_upload" time="0.112" /><testcase classname="test_config_logos.TestDeleteLogoEndpoint" name="test_delete_logo_requires_auth" time="0.053" /><testcase classname="test_config_logos.TestDeleteLogoEndpoint" name="test_delete_logo_requires_admin" time="0.000"><skipped type="pytest.skip" message="Manager user not available">/app/backend/tests/test_config_logos.py:200: Manager user not available</skipped></testcase><testcase classname="test_config_logos.TestDeleteLogoEndpoint" name="test_delete_login_logo_success" time="0.179" /><testcase classname="test_config_logos.TestDeleteLogoEndpoint" name="test_delete_dashboard_logo_success" time="0.172" /><testcase classname="test_config_logos.TestDeleteLogoEndpoint" name="test_delete_invalid_logo_type" time="0.081" /><testcase classname="test_config_logos.TestLogoFileAccess" name="test_uploaded_logo_file_accessible" time="0.127" /></testsuite></testsuites>