<?xml version="1.0" encoding="utf-8"?><testsuites name="pytest tests"><testsuite name="pytest" errors="0" failures="0" skipped="0" tests="6" time="4.338" timestamp="2026-06-29T14:35:22.526499+00:00" hostname="agent-env-81754a50-7848-49fb-8ce1-4d41c5087081"><testcase classname="backend.tests.test_impresos_vaso_fix.TestEvalRelinked" name="test_parcela_id_points_to_existing_cot_parcela" time="0.658" /><testcase classname="backend.tests.test_impresos_vaso_fix.TestEvalRelinked" name="test_cabecera_top_level_fields_present" time="0.108" /><testcase classname="backend.tests.test_impresos_vaso_fix.TestEvalRelinked" name="test_referenced_parcela_exists_with_variedad" time="0.110" /><testcase classname="backend.tests.test_impresos_vaso_fix.TestImpresosVasoSavePreservesCabecera" name="test_update_vaso_and_verify_persistence" time="0.511" /><testcase classname="backend.tests.test_impresos_vaso_fix.TestRegressionImpresosOtherFields" name="test_update_comentarios_general_preserves_everything" time="0.496" /><testcase classname="backend.tests.test_impresos_vaso_fix.TestPdfGenerationContainsCabeceraAndVaso" name="test_pdf_renders_with_vaso_and_cabecera" time="2.423" /></testsuite></testsuites>