<?xml version="1.0" encoding="utf-8"?><testsuites name="pytest tests"><testsuite name="pytest" errors="0" failures="0" skipped="0" tests="12" time="5.345" timestamp="2026-04-10T13:11:13.029160+00:00" hostname="agent-env-81754a50-7848-49fb-8ce1-4d41c5087081"><testcase classname="backend.tests.test_alertas.TestAlertasEndpoints" name="test_get_alertas_resumen_returns_200" time="0.563" /><testcase classname="backend.tests.test_alertas.TestAlertasEndpoints" name="test_alertas_resumen_tecnicos_structure" time="0.379" /><testcase classname="backend.tests.test_alertas.TestAlertasEndpoints" name="test_alertas_resumen_maquinaria_structure" time="0.390" /><testcase classname="backend.tests.test_alertas.TestAlertasEndpoints" name="test_alertas_detects_itv_vencida" time="0.372" /><testcase classname="backend.tests.test_alertas.TestAlertasEndpoints" name="test_alertas_detects_mantenimiento_pendiente" time="0.405" /><testcase classname="backend.tests.test_alertas.TestAlertasEndpoints" name="test_alertas_requires_authentication" time="0.368" /><testcase classname="backend.tests.test_alertas.TestMaquinariaITVFields" name="test_create_maquinaria_with_itv_fields" time="0.465" /><testcase classname="backend.tests.test_alertas.TestMaquinariaITVFields" name="test_update_maquinaria_with_itv_fields" time="0.547" /><testcase classname="backend.tests.test_alertas.TestMaquinariaPageRegression" name="test_maquinaria_list_endpoint" time="0.408" /><testcase classname="backend.tests.test_alertas.TestMaquinariaPageRegression" name="test_maquinaria_stats_endpoint" time="0.374" /><testcase classname="backend.tests.test_alertas.TestEvaluacionesPageRegression" name="test_evaluaciones_list_endpoint" time="0.561" /><testcase classname="backend.tests.test_alertas.TestEvaluacionesPageRegression" name="test_evaluaciones_config_endpoint" time="0.457" /></testsuite></testsuites>