<?xml version="1.0" encoding="utf-8"?><testsuites name="pytest tests"><testsuite name="pytest" errors="0" failures="0" skipped="0" tests="17" time="34.418" timestamp="2026-04-01T19:38:50.232167+00:00" hostname="agent-env-81754a50-7848-49fb-8ce1-4d41c5087081"><testcase classname="backend.tests.test_exports_ai.TestCosechasExport" name="test_cosechas_export_pdf_returns_200" time="0.622" /><testcase classname="backend.tests.test_exports_ai.TestCosechasExport" name="test_cosechas_export_pdf_with_filters" time="0.070" /><testcase classname="backend.tests.test_exports_ai.TestCosechasExport" name="test_cosechas_export_excel_returns_200" time="0.050" /><testcase classname="backend.tests.test_exports_ai.TestRecetasExport" name="test_recetas_export_pdf_returns_200" time="0.054" /><testcase classname="backend.tests.test_exports_ai.TestRecetasExport" name="test_recetas_export_excel_returns_200" time="0.064" /><testcase classname="backend.tests.test_exports_ai.TestTareasExport" name="test_tareas_export_pdf_returns_200" time="0.070" /><testcase classname="backend.tests.test_exports_ai.TestTareasExport" name="test_tareas_export_pdf_with_filters" time="0.054" /><testcase classname="backend.tests.test_exports_ai.TestTareasExport" name="test_tareas_export_excel_returns_200" time="0.056" /><testcase classname="backend.tests.test_exports_ai.TestAIListEndpoints" name="test_ai_parcelas_list_returns_200" time="0.055" /><testcase classname="backend.tests.test_exports_ai.TestAIListEndpoints" name="test_ai_contratos_list_returns_200" time="0.052" /><testcase classname="backend.tests.test_exports_ai.TestAITreatmentSuggestions" name="test_ai_suggest_treatments_returns_200" time="18.904" /><testcase classname="backend.tests.test_exports_ai.TestAITreatmentSuggestions" name="test_ai_suggest_treatments_invalid_parcela" time="0.062" /><testcase classname="backend.tests.test_exports_ai.TestAIYieldPrediction" name="test_ai_predict_yield_returns_200" time="5.589" /><testcase classname="backend.tests.test_exports_ai.TestAIYieldPrediction" name="test_ai_predict_yield_invalid_contrato" time="0.054" /><testcase classname="backend.tests.test_exports_ai.TestAIContractSummary" name="test_ai_summarize_contract_returns_200" time="6.578" /><testcase classname="backend.tests.test_exports_ai.TestAIContractSummary" name="test_ai_summarize_contract_invalid_id" time="1.875" /><testcase classname="backend.tests.test_exports_ai.TestAIContractSummary" name="test_ai_summarize_contract_not_found" time="0.151" /></testsuite></testsuites>