<?xml version="1.0" encoding="utf-8"?><testsuites name="pytest tests"><testsuite name="pytest" errors="0" failures="0" skipped="0" tests="10" time="5.591" timestamp="2026-02-26T14:40:59.257580+00:00" hostname="agent-env-6104f205-8ff9-452a-9550-1353f68b3db2"><testcase classname="backend.tests.test_visitas_fotos.TestVisitasFotosAPI" name="test_upload_single_photo" time="0.893" /><testcase classname="backend.tests.test_visitas_fotos.TestVisitasFotosAPI" name="test_upload_multiple_photos" time="0.506" /><testcase classname="backend.tests.test_visitas_fotos.TestVisitasFotosAPI" name="test_upload_invalid_format" time="0.556" /><testcase classname="backend.tests.test_visitas_fotos.TestVisitasFotosAPI" name="test_get_visita_fotos" time="0.781" /><testcase classname="backend.tests.test_visitas_fotos.TestVisitasFotosAPI" name="test_delete_visita_foto" time="0.659" /><testcase classname="backend.tests.test_visitas_fotos.TestVisitasFotosAPI" name="test_delete_invalid_foto_index" time="0.692" /><testcase classname="backend.tests.test_visitas_fotos.TestVisitasFotosAPI" name="test_upload_to_nonexistent_visita" time="0.254" /><testcase classname="backend.tests.test_visitas_fotos.TestVisitasFotosAPI" name="test_upload_invalid_visita_id" time="0.114" /><testcase classname="backend.tests.test_visitas_fotos.TestVisitasFotosAPI" name="test_photo_persists_in_visita" time="0.567" /><testcase classname="backend.tests.test_visitas_fotos.TestVisitasFotosLimits" name="test_upload_max_10_photos" time="0.515" /></testsuite></testsuites>