<?xml version="1.0" encoding="utf-8"?><testsuites name="pytest tests"><testsuite name="pytest" errors="0" failures="0" skipped="0" tests="13" time="3.114" timestamp="2026-04-10T13:50:39.476372+00:00" hostname="agent-env-81754a50-7848-49fb-8ce1-4d41c5087081"><testcase classname="backend.tests.test_dashboard_dnd.TestDashboardConfigEndpoints" name="test_get_dashboard_config_returns_200" time="0.561" /><testcase classname="backend.tests.test_dashboard_dnd.TestDashboardConfigEndpoints" name="test_get_dashboard_config_structure" time="0.112" /><testcase classname="backend.tests.test_dashboard_dnd.TestDashboardConfigEndpoints" name="test_get_dashboard_config_requires_auth" time="0.116" /><testcase classname="backend.tests.test_dashboard_dnd.TestDashboardConfigEndpoints" name="test_post_dashboard_config_saves_order" time="0.386" /><testcase classname="backend.tests.test_dashboard_dnd.TestDashboardConfigEndpoints" name="test_post_dashboard_config_saves_visibility" time="0.225" /><testcase classname="backend.tests.test_dashboard_dnd.TestDashboardConfigEndpoints" name="test_post_dashboard_config_requires_auth" time="0.104" /><testcase classname="backend.tests.test_dashboard_dnd.TestDashboardConfigEndpoints" name="test_reset_dashboard_config" time="0.127" /><testcase classname="backend.tests.test_dashboard_dnd.TestDashboardConfigEndpoints" name="test_reset_dashboard_config_requires_auth" time="0.155" /><testcase classname="backend.tests.test_dashboard_dnd.TestDashboardKPIsEndpoint" name="test_get_dashboard_kpis_returns_200" time="0.156" /><testcase classname="backend.tests.test_dashboard_dnd.TestDashboardKPIsEndpoint" name="test_get_dashboard_kpis_structure" time="0.144" /><testcase classname="backend.tests.test_dashboard_dnd.TestDashboardKPIsEndpoint" name="test_get_dashboard_kpis_no_auth_required" time="0.118" /><testcase classname="backend.tests.test_dashboard_dnd.TestWidgetOrderPersistence" name="test_drag_and_drop_order_persists" time="0.374" /><testcase classname="backend.tests.test_dashboard_dnd.TestWidgetOrderPersistence" name="test_multiple_reorders_persist" time="0.493" /></testsuite></testsuites>