<?xml version="1.0" encoding="utf-8"?><testsuites name="pytest tests"><testsuite name="pytest" errors="0" failures="0" skipped="0" tests="24" time="4.665" timestamp="2026-04-10T14:09:42.926110+00:00" hostname="agent-env-81754a50-7848-49fb-8ce1-4d41c5087081"><testcase classname="tests.test_erp_sigpac.TestERPApiKeys" name="test_list_api_keys_returns_200" time="0.674" /><testcase classname="tests.test_erp_sigpac.TestERPApiKeys" name="test_list_api_keys_structure" time="0.143" /><testcase classname="tests.test_erp_sigpac.TestERPApiKeys" name="test_create_api_key" time="0.130" /><testcase classname="tests.test_erp_sigpac.TestERPApiKeys" name="test_revoke_api_key" time="0.115" /><testcase classname="tests.test_erp_sigpac.TestERPApiKeys" name="test_api_keys_requires_admin" time="0.107" /><testcase classname="tests.test_erp_sigpac.TestERPWebhooks" name="test_list_webhooks_returns_200" time="0.115" /><testcase classname="tests.test_erp_sigpac.TestERPWebhooks" name="test_create_webhook" time="0.149" /><testcase classname="tests.test_erp_sigpac.TestERPWebhooks" name="test_toggle_webhook" time="0.133" /><testcase classname="tests.test_erp_sigpac.TestERPWebhooks" name="test_delete_webhook" time="0.134" /><testcase classname="tests.test_erp_sigpac.TestERPExport" name="test_list_export_modules" time="0.121" /><testcase classname="tests.test_erp_sigpac.TestERPExport" name="test_export_contratos_module" time="0.118" /><testcase classname="tests.test_erp_sigpac.TestERPExport" name="test_export_parcelas_module" time="0.120" /><testcase classname="tests.test_erp_sigpac.TestERPExport" name="test_export_invalid_module" time="0.123" /><testcase classname="tests.test_erp_sigpac.TestERPHistoryStats" name="test_get_sync_history" time="0.114" /><testcase classname="tests.test_erp_sigpac.TestERPHistoryStats" name="test_get_sync_history_filter_by_type" time="0.124" /><testcase classname="tests.test_erp_sigpac.TestERPHistoryStats" name="test_get_sync_stats" time="0.117" /><testcase classname="tests.test_erp_sigpac.TestSIGPAC" name="test_get_provincias" time="0.109" /><testcase classname="tests.test_erp_sigpac.TestSIGPAC" name="test_get_usos" time="0.119" /><testcase classname="tests.test_erp_sigpac.TestSIGPAC" name="test_get_wms_config" time="0.097" /><testcase classname="tests.test_erp_sigpac.TestSIGPAC" name="test_consulta_sigpac_murcia" time="0.786" /><testcase classname="tests.test_erp_sigpac.TestSIGPAC" name="test_consulta_sigpac_missing_params" time="0.107" /><testcase classname="tests.test_erp_sigpac.TestSIGPAC" name="test_importar_sigpac_parcela" time="0.612" /><testcase classname="tests.test_erp_sigpac.TestSidebarLinks" name="test_integracion_erp_page_accessible" time="0.127" /><testcase classname="tests.test_erp_sigpac.TestSidebarLinks" name="test_consulta_sigpac_page_accessible" time="0.106" /></testsuite></testsuites>