<?xml version="1.0" encoding="utf-8"?><testsuites name="pytest tests"><testsuite name="pytest" errors="0" failures="0" skipped="0" tests="21" time="13.356" timestamp="2026-02-25T15:47:48.143506+00:00" hostname="agent-env-fc33370a-88b3-42c8-ba86-2b6f85ab3439"><testcase classname="tests.test_notificaciones.TestNotificacionesAPI" name="test_get_notificaciones_empty" time="0.521" /><testcase classname="tests.test_notificaciones.TestNotificacionesAPI" name="test_get_notificaciones_count" time="0.482" /><testcase classname="tests.test_notificaciones.TestNotificacionesAPI" name="test_create_notification_success" time="0.604" /><testcase classname="tests.test_notificaciones.TestNotificacionesAPI" name="test_create_notification_all_types" time="1.055" /><testcase classname="tests.test_notificaciones.TestNotificacionesAPI" name="test_create_notification_with_priority" time="0.763" /><testcase classname="tests.test_notificaciones.TestNotificacionesAPI" name="test_create_notification_with_link" time="0.658" /><testcase classname="tests.test_notificaciones.TestNotificacionesAPI" name="test_mark_notification_as_read" time="0.680" /><testcase classname="tests.test_notificaciones.TestNotificacionesAPI" name="test_mark_all_as_read" time="0.917" /><testcase classname="tests.test_notificaciones.TestNotificacionesAPI" name="test_mark_invalid_notification_as_read" time="1.580" /><testcase classname="tests.test_notificaciones.TestNotificacionesAPI" name="test_filter_unread_notifications" time="0.716" /><testcase classname="tests.test_notificaciones.TestNotificacionesAPI" name="test_delete_notification_admin" time="0.516" /><testcase classname="tests.test_notificaciones.TestSchedulerAPI" name="test_get_scheduler_config" time="0.479" /><testcase classname="tests.test_notificaciones.TestSchedulerAPI" name="test_get_scheduler_status" time="0.410" /><testcase classname="tests.test_notificaciones.TestSchedulerAPI" name="test_update_scheduler_config" time="0.531" /><testcase classname="tests.test_notificaciones.TestSchedulerAPI" name="test_update_scheduler_invalid_time_format" time="0.463" /><testcase classname="tests.test_notificaciones.TestSchedulerAPI" name="test_update_scheduler_valid_frequencies" time="0.541" /><testcase classname="tests.test_notificaciones.TestSchedulerAPI" name="test_execute_manual_verification" time="0.448" /><testcase classname="tests.test_notificaciones.TestSchedulerAPI" name="test_email_disabled_without_api_key" time="0.408" /><testcase classname="tests.test_notificaciones.TestNotificacionesPermissions" name="test_unauthenticated_access_denied" time="0.579" /><testcase classname="tests.test_notificaciones.TestNotificacionesPermissions" name="test_admin_can_create_notifications" time="0.492" /><testcase classname="tests.test_notificaciones.TestNotificacionesPermissions" name="test_admin_can_update_scheduler_config" time="0.446" /></testsuite></testsuites>