<?xml version="1.0" encoding="utf-8"?><testsuites name="pytest tests"><testsuite name="pytest" errors="0" failures="0" skipped="0" tests="16" time="5.390" timestamp="2026-04-14T09:15:23.595848+00:00" hostname="agent-env-81754a50-7848-49fb-8ce1-4d41c5087081"><testcase classname="backend.tests.test_catalogos_iteration66.TestTiposCultivo" name="test_get_tipos_cultivo" time="0.588" /><testcase classname="backend.tests.test_catalogos_iteration66.TestTiposCultivo" name="test_create_tipo_cultivo" time="0.139" /><testcase classname="backend.tests.test_catalogos_iteration66.TestTiposCultivo" name="test_create_duplicate_tipo_cultivo_fails" time="0.212" /><testcase classname="backend.tests.test_catalogos_iteration66.TestTiposCultivo" name="test_delete_tipo_cultivo" time="0.219" /><testcase classname="backend.tests.test_catalogos_iteration66.TestFormasPago" name="test_get_formas_pago" time="0.513" /><testcase classname="backend.tests.test_catalogos_iteration66.TestFormasPago" name="test_create_forma_pago" time="0.099" /><testcase classname="backend.tests.test_catalogos_iteration66.TestFormasPago" name="test_delete_forma_pago" time="0.204" /><testcase classname="backend.tests.test_catalogos_iteration66.TestTiposIva" name="test_get_tipos_iva" time="0.464" /><testcase classname="backend.tests.test_catalogos_iteration66.TestTiposIva" name="test_create_tipo_iva" time="0.098" /><testcase classname="backend.tests.test_catalogos_iteration66.TestTiposIva" name="test_delete_tipo_iva" time="0.201" /><testcase classname="backend.tests.test_catalogos_iteration66.TestCultivos" name="test_get_cultivos" time="0.425" /><testcase classname="backend.tests.test_catalogos_iteration66.TestCultivos" name="test_create_cultivo_with_auto_codigo" time="0.106" /><testcase classname="backend.tests.test_catalogos_iteration66.TestCultivos" name="test_update_cultivo_generates_changelog" time="0.306" /><testcase classname="backend.tests.test_catalogos_iteration66.TestCultivos" name="test_get_cultivo_changelog" time="0.199" /><testcase classname="backend.tests.test_catalogos_iteration66.TestCultivos" name="test_delete_cultivo" time="0.198" /><testcase classname="backend.tests.test_catalogos_iteration66.TestCleanup" name="test_cleanup_test_data" time="1.364" /></testsuite></testsuites>