<?xml version="1.0" encoding="utf-8"?><testsuites name="pytest tests"><testsuite name="pytest" errors="0" failures="0" skipped="0" tests="21" time="4.031" timestamp="2026-02-25T14:12:30.709789+00:00" hostname="agent-env-fc33370a-88b3-42c8-ba86-2b6f85ab3439"><testcase classname="tests.test_recomendaciones.TestRecomendacionesConfig" name="test_get_tipos_config" time="0.493" /><testcase classname="tests.test_recomendaciones.TestRecomendacionesStats" name="test_get_stats_resumen" time="0.128" /><testcase classname="tests.test_recomendaciones.TestRecomendacionesCRUD" name="test_list_recomendaciones" time="0.096" /><testcase classname="tests.test_recomendaciones.TestRecomendacionesCRUD" name="test_create_recomendacion" time="0.220" /><testcase classname="tests.test_recomendaciones.TestRecomendacionesCRUD" name="test_create_requires_parcela" time="0.059" /><testcase classname="tests.test_recomendaciones.TestRecomendacionesCRUD" name="test_get_recomendacion_by_id" time="0.206" /><testcase classname="tests.test_recomendaciones.TestRecomendacionesCRUD" name="test_update_recomendacion" time="0.283" /><testcase classname="tests.test_recomendaciones.TestRecomendacionesCRUD" name="test_delete_recomendacion" time="0.217" /><testcase classname="tests.test_recomendaciones.TestRecomendacionesCRUD" name="test_recomendacion_not_found" time="0.055" /><testcase classname="tests.test_recomendaciones.TestRecomendacionesCRUD" name="test_invalid_recomendacion_id" time="0.076" /><testcase classname="tests.test_recomendaciones.TestRecomendacionesFilters" name="test_filter_by_tipo" time="0.085" /><testcase classname="tests.test_recomendaciones.TestRecomendacionesFilters" name="test_filter_by_prioridad" time="0.060" /><testcase classname="tests.test_recomendaciones.TestRecomendacionesFilters" name="test_filter_by_estado" time="0.065" /><testcase classname="tests.test_recomendaciones.TestGenerarTratamiento" name="test_generar_tratamiento" time="0.321" /><testcase classname="tests.test_recomendaciones.TestGenerarTratamiento" name="test_cannot_generate_twice" time="0.264" /><testcase classname="tests.test_recomendaciones.TestGenerarTratamiento" name="test_cannot_edit_after_tratamiento" time="0.279" /><testcase classname="tests.test_recomendaciones.TestRecomendacionesAuth" name="test_list_requires_auth" time="0.116" /><testcase classname="tests.test_recomendaciones.TestRecomendacionesAuth" name="test_create_requires_auth" time="0.140" /><testcase classname="tests.test_recomendaciones.TestRecomendacionesAuth" name="test_config_tipos_no_auth_required" time="0.221" /><testcase classname="tests.test_recomendaciones.TestCultivoVariedad" name="test_create_with_cultivo_variedad" time="0.258" /><testcase classname="tests.test_recomendaciones.TestCultivoVariedad" name="test_update_cultivo_variedad" time="0.322" /></testsuite></testsuites>